Using pre-set license
Built from '2020.2/release' branch; Version is '2020.2.1f1 (270dd8c3da1c) revision 2559448'; Using compiler version '192528614'; Build Type 'Release'
OS: 'Windows 10  (10.0.0) 64bit' Language: 'uk' Physical Memory: 4004 MB
BatchMode: 1, IsHumanControllingUs: 0, StartBugReporterOnCrash: 0, Is64bit: 1, IsPro: 0

 COMMAND LINE ARGUMENTS:
D:\Unity\Unity Editors Path\2020.2.1f1\Editor\Unity.exe
-adb2
-batchMode
-noUpm
-name
AssetImportWorker0
-projectPath
D:/Game/Unity/RPG
-logFile
Logs/AssetImportWorker0.log
-srvPort
52068
Successfully changed project path to: D:/Game/Unity/RPG
D:/Game/Unity/RPG
Using Asset Import Pipeline V2.
Refreshing native plugins compatible for Editor in 81.65 ms, found 0 plugins.
Preloading 0 native plugins for Editor in 0.00 ms.
Initialize engine version: 2020.2.1f1 (270dd8c3da1c)
[Subsystems] Discovering subsystems at path D:/Unity/Unity Editors Path/2020.2.1f1/Editor/Data/Resources/UnitySubsystems
[Subsystems] Discovering subsystems at path D:/Game/Unity/RPG/Assets
GfxDevice: creating device client; threaded=0
Direct3D:
    Version:  Direct3D 11.0 [level 11.0]
    Renderer: NVIDIA GeForce 920MX (ID=0x134f)
    Vendor:   
    VRAM:     2010 MB
    Driver:   27.21.14.6611
Initialize mono
Mono path[0] = 'D:/Unity/Unity Editors Path/2020.2.1f1/Editor/Data/Managed'
Mono path[1] = 'D:/Unity/Unity Editors Path/2020.2.1f1/Editor/Data/MonoBleedingEdge/lib/mono/unityjit'
Mono config path = 'D:/Unity/Unity Editors Path/2020.2.1f1/Editor/Data/MonoBleedingEdge/etc'
Using monoOptions --debugger-agent=transport=dt_socket,embedding=1,server=y,suspend=n,address=127.0.0.1:56376
Begin MonoManager ReloadAssembly
Registering precompiled unity dll's ...
Register platform support module: D:/Unity/Unity Editors Path/2020.2.1f1/Editor/Data/PlaybackEngines/WindowsStandaloneSupport/UnityEditor.WindowsStandalone.Extensions.dll
Registered in 0.005120 seconds.
Native extension for WindowsStandalone target not found
Refreshing native plugins compatible for Editor in 44.64 ms, found 0 plugins.
Preloading 0 native plugins for Editor in 0.00 ms.
Invoked RoslynAnalysisRunner static constructor.
RoslynAnalysisRunner will not be running.
RoslynAnalysisRunner has terminated.
Mono: successfully reloaded assembly
- Completed reload, in  4.128 seconds
Platform modules already initialized, skipping
Registering precompiled user dll's ...
Registered in 0.005031 seconds.
Begin MonoManager ReloadAssembly
Native extension for WindowsStandalone target not found
Refreshing native plugins compatible for Editor in 0.44 ms, found 0 plugins.
Preloading 0 native plugins for Editor in 0.00 ms.
Invoked RoslynAnalysisRunner static constructor.
RoslynAnalysisRunner will not be running.
RoslynAnalysisRunner has terminated.
Mono: successfully reloaded assembly
- Completed reload, in  1.817 seconds
Platform modules already initialized, skipping
========================================================================
Worker process is ready to serve import requests
Launched and connected shader compiler UnityShaderCompiler.exe after 0.09 seconds
Refreshing native plugins compatible for Editor in 0.54 ms, found 0 plugins.
Preloading 0 native plugins for Editor in 0.00 ms.
Unloading 1110 Unused Serialized files (Serialized files now loaded: 0)
System memory in use before: 58.7 MB.
System memory in use after: 58.7 MB.

Unloading 10 unused Assets to reduce memory usage. Loaded Objects now: 1558.
Total: 13.616100 ms (FindLiveObjects: 0.685700 ms CreateObjectMapping: 0.234900 ms MarkObjects: 11.853700 ms  DeleteObjects: 0.839100 ms)

========================================================================
Received Import Request.
  path: Assets/GUI_Parts
  artifactKey: Guid(a09889493617d69458ee616fb70fa8e3) Importer(815301076,1909f56bfc062723c751e8b465ee728b)
Start importing Assets/GUI_Parts using Guid(a09889493617d69458ee616fb70fa8e3) Importer(815301076,1909f56bfc062723c751e8b465ee728b)  -> (artifact id: 'a10e3a348cbc424264d29cfd4a9b4d74') in 0.027386 seconds
  Import took 0.125511 seconds .

========================================================================
Received Import Request.
  Time since last request: 211.257476 seconds.
  path: Assets/GUI_Parts/Gui_parts
  artifactKey: Guid(a957a67a46c13fc4896c247b570581f4) Importer(815301076,1909f56bfc062723c751e8b465ee728b)
Start importing Assets/GUI_Parts/Gui_parts using Guid(a957a67a46c13fc4896c247b570581f4) Importer(815301076,1909f56bfc062723c751e8b465ee728b)  -> (artifact id: 'ad5f354e9a0a19db0fd9f3300e0390e0') in 0.010081 seconds
  Import took 0.014719 seconds .

========================================================================
Received Import Request.
  Time since last request: 0.090161 seconds.
  path: Assets/GUI_Parts/Gui_parts/bar_ready.png
  artifactKey: Guid(c241e847af767d148b898393a975bb22) Importer(815301076,1909f56bfc062723c751e8b465ee728b)
Start importing Assets/GUI_Parts/Gui_parts/bar_ready.png using Guid(c241e847af767d148b898393a975bb22) Importer(815301076,1909f56bfc062723c751e8b465ee728b)  -> (artifact id: 'd17ff2ab7c41a9a26cbef08fc5b885ac') in 0.313988 seconds
  Import took 0.317319 seconds .

========================================================================
Received Import Request.
  Time since last request: 0.000345 seconds.
  path: Assets/GUI_Parts/Gui_parts/button3_ready.png
  artifactKey: Guid(5659b073e19871d4da7394b6456da365) Importer(815301076,1909f56bfc062723c751e8b465ee728b)
Start importing Assets/GUI_Parts/Gui_parts/button3_ready.png using Guid(5659b073e19871d4da7394b6456da365) Importer(815301076,1909f56bfc062723c751e8b465ee728b)  -> (artifact id: 'a3f4be3fcbad8f52d94b9cc390e1dc7c') in 0.033774 seconds
  Import took 0.039787 seconds .

========================================================================
Received Import Request.
  Time since last request: 0.000340 seconds.
  path: Assets/GUI_Parts/Gui_parts/Hp_frame.png
  artifactKey: Guid(9d5f6625b0b035841a1153f7e5466a94) Importer(815301076,1909f56bfc062723c751e8b465ee728b)
Start importing Assets/GUI_Parts/Gui_parts/Hp_frame.png using Guid(9d5f6625b0b035841a1153f7e5466a94) Importer(815301076,1909f56bfc062723c751e8b465ee728b)  -> (artifact id: 'b3daf7455498dd68016c49c5042732d1') in 0.034120 seconds
  Import took 0.041974 seconds .

========================================================================
Received Import Request.
  Time since last request: 0.000389 seconds.
  path: Assets/GUI_Parts/Gui_parts/lil_roundbackground.png
  artifactKey: Guid(ed5c91c32b9b0af4e851c25c03211f16) Importer(815301076,1909f56bfc062723c751e8b465ee728b)
Start importing Assets/GUI_Parts/Gui_parts/lil_roundbackground.png using Guid(ed5c91c32b9b0af4e851c25c03211f16) Importer(815301076,1909f56bfc062723c751e8b465ee728b)  -> (artifact id: 'de65678691cfd3391247234cd71a5ad1') in 0.035839 seconds
  Import took 0.040725 seconds .

========================================================================
Received Import Request.
  Time since last request: 0.003156 seconds.
  path: Assets/GUI_Parts/Gui_parts/lil_roundframe.png
  artifactKey: Guid(6188bc46fa818364281557e9bdc0e382) Importer(815301076,1909f56bfc062723c751e8b465ee728b)
Start importing Assets/GUI_Parts/Gui_parts/lil_roundframe.png using Guid(6188bc46fa818364281557e9bdc0e382) Importer(815301076,1909f56bfc062723c751e8b465ee728b)  -> (artifact id: '8fd1dcf8a2d8cf6849be12e53ff21f97') in 0.027358 seconds
  Import took 0.033337 seconds .

========================================================================
Received Import Request.
  Time since last request: 0.000337 seconds.
  path: Assets/GUI_Parts/Gui_parts/Frame_mid.png
  artifactKey: Guid(d5bda4f272648f34c8020e4e2772de3f) Importer(815301076,1909f56bfc062723c751e8b465ee728b)
Start importing Assets/GUI_Parts/Gui_parts/Frame_mid.png using Guid(d5bda4f272648f34c8020e4e2772de3f) Importer(815301076,1909f56bfc062723c751e8b465ee728b)  -> (artifact id: '2cff4b6736c06bba1d037dd1cd17caca') in 0.048916 seconds
  Import took 0.054346 seconds .

========================================================================
Received Import Request.
  Time since last request: 0.000414 seconds.
  path: Assets/GUI_Parts/Gui_parts/big_roundframe.png
  artifactKey: Guid(6403afd719acd2b4dbb0dfae7add33cb) Importer(815301076,1909f56bfc062723c751e8b465ee728b)
Start importing Assets/GUI_Parts/Gui_parts/big_roundframe.png using Guid(6403afd719acd2b4dbb0dfae7add33cb) Importer(815301076,1909f56bfc062723c751e8b465ee728b)  -> (artifact id: '1a3a9b744cf912539bbdd6e7083d39ff') in 0.040338 seconds
  Import took 0.048696 seconds .

========================================================================
Received Import Request.
  Time since last request: 0.000504 seconds.
  path: Assets/GUI_Parts/Gui_parts/Frame_mid_2.png
  artifactKey: Guid(9b886b001545f4f4798d6e3b78a3cfa2) Importer(815301076,1909f56bfc062723c751e8b465ee728b)
Start importing Assets/GUI_Parts/Gui_parts/Frame_mid_2.png using Guid(9b886b001545f4f4798d6e3b78a3cfa2) Importer(815301076,1909f56bfc062723c751e8b465ee728b)  -> (artifact id: '5358c06d543cfff885ad0d4165469a47') in 0.026553 seconds
  Import took 0.031553 seconds .

========================================================================
Received Import Request.
  Time since last request: 0.000959 seconds.
  path: Assets/GUI_Parts/Gui_parts/barmid_ready.png
  artifactKey: Guid(f7f681cd213d9a7488500ce745f2d4f8) Importer(815301076,1909f56bfc062723c751e8b465ee728b)
Start importing Assets/GUI_Parts/Gui_parts/barmid_ready.png using Guid(f7f681cd213d9a7488500ce745f2d4f8) Importer(815301076,1909f56bfc062723c751e8b465ee728b)  -> (artifact id: '2933ff203b4e4ebdb908f260003a815c') in 0.037808 seconds
  Import took 0.042857 seconds .

========================================================================
Received Import Request.
  Time since last request: 0.000442 seconds.
  path: Assets/GUI_Parts/Gui_parts/warrior_silhouette_man.png
  artifactKey: Guid(cc8e2be9532fbc543af51c6932181466) Importer(815301076,1909f56bfc062723c751e8b465ee728b)
Start importing Assets/GUI_Parts/Gui_parts/warrior_silhouette_man.png using Guid(cc8e2be9532fbc543af51c6932181466) Importer(815301076,1909f56bfc062723c751e8b465ee728b)  -> (artifact id: 'c1f5d7457afe0a1588386543d69c5033') in 0.041091 seconds
  Import took 0.045527 seconds .

========================================================================
Received Import Request.
  Time since last request: 0.000305 seconds.
  path: Assets/GUI_Parts/Gui_parts/Hp_line.png
  artifactKey: Guid(4f8e653bf1c0b054680c13a05741c202) Importer(815301076,1909f56bfc062723c751e8b465ee728b)
Start importing Assets/GUI_Parts/Gui_parts/Hp_line.png using Guid(4f8e653bf1c0b054680c13a05741c202) Importer(815301076,1909f56bfc062723c751e8b465ee728b)  -> (artifact id: '1e75f31d8808b865979ebc190fa324b3') in 0.026126 seconds
  Import took 0.030507 seconds .

========================================================================
Received Import Request.
  Time since last request: 0.000318 seconds.
  path: Assets/GUI_Parts/Gui_parts/button_agree.png
  artifactKey: Guid(33cd3b491748050418115b4d3a0b6534) Importer(815301076,1909f56bfc062723c751e8b465ee728b)
Start importing Assets/GUI_Parts/Gui_parts/button_agree.png using Guid(33cd3b491748050418115b4d3a0b6534) Importer(815301076,1909f56bfc062723c751e8b465ee728b)  -> (artifact id: '54526a89a3547759dc479639c1fad42d') in 0.036508 seconds
  Import took 0.042597 seconds .

========================================================================
Received Import Request.
  Time since last request: 0.000334 seconds.
  path: Assets/GUI_Parts/Gui_parts/button2.png
  artifactKey: Guid(711fb7a2b8e1ff54da609e52c3e729b8) Importer(815301076,1909f56bfc062723c751e8b465ee728b)
Start importing Assets/GUI_Parts/Gui_parts/button2.png using Guid(711fb7a2b8e1ff54da609e52c3e729b8) Importer(815301076,1909f56bfc062723c751e8b465ee728b)  -> (artifact id: '6e6b9a0595ca19f0d8bc2e8947c13239') in 0.040960 seconds
  Import took 0.044946 seconds .

========================================================================
Received Import Request.
  Time since last request: 0.000342 seconds.
  path: Assets/GUI_Parts/Gui_parts/button_cancel.png
  artifactKey: Guid(f9619563aba8b7542abf0aabdc638afe) Importer(815301076,1909f56bfc062723c751e8b465ee728b)
Start importing Assets/GUI_Parts/Gui_parts/button_cancel.png using Guid(f9619563aba8b7542abf0aabdc638afe) Importer(815301076,1909f56bfc062723c751e8b465ee728b)  -> (artifact id: 'f8e6c2ae20d3e885b017d6b56a3dcd5d') in 0.036869 seconds
  Import took 0.043891 seconds .

========================================================================
Received Import Request.
  Time since last request: 0.000393 seconds.
  path: Assets/GUI_Parts/Gui_parts/warrior_silhouette_woman.png
  artifactKey: Guid(acf24f91ea86d2140b7efa39f2011f06) Importer(815301076,1909f56bfc062723c751e8b465ee728b)
Start importing Assets/GUI_Parts/Gui_parts/warrior_silhouette_woman.png using Guid(acf24f91ea86d2140b7efa39f2011f06) Importer(815301076,1909f56bfc062723c751e8b465ee728b)  -> (artifact id: 'b8d0aa87287851049ddd233ed7b75fa1') in 0.041167 seconds
  Import took 0.046365 seconds .

========================================================================
Received Import Request.
  Time since last request: 0.000616 seconds.
  path: Assets/GUI_Parts/Gui_parts/lil_roundframe_ready2.png
  artifactKey: Guid(f507f03eb80bcbf49bb458bd6a54bd9a) Importer(815301076,1909f56bfc062723c751e8b465ee728b)
Start importing Assets/GUI_Parts/Gui_parts/lil_roundframe_ready2.png using Guid(f507f03eb80bcbf49bb458bd6a54bd9a) Importer(815301076,1909f56bfc062723c751e8b465ee728b)  -> (artifact id: '5ebf11a2339c0e6fc41d202d1c4f3926') in 0.029752 seconds
  Import took 0.035031 seconds .

========================================================================
Received Import Request.
  Time since last request: 0.000366 seconds.
  path: Assets/GUI_Parts/Gui_parts/button.png
  artifactKey: Guid(485cd2ab0486a8e4aaa55e94ec27c6b6) Importer(815301076,1909f56bfc062723c751e8b465ee728b)
Start importing Assets/GUI_Parts/Gui_parts/button.png using Guid(485cd2ab0486a8e4aaa55e94ec27c6b6) Importer(815301076,1909f56bfc062723c751e8b465ee728b)  -> (artifact id: '26a2191e87d29bfa415430cf33924a38') in 0.034405 seconds
  Import took 0.038746 seconds .

========================================================================
Received Import Request.
  Time since last request: 0.000302 seconds.
  path: Assets/GUI_Parts/Gui_parts/button_ready_off.png
  artifactKey: Guid(a2e2a83536d4eef45ace93d156eab562) Importer(815301076,1909f56bfc062723c751e8b465ee728b)
Start importing Assets/GUI_Parts/Gui_parts/button_ready_off.png using Guid(a2e2a83536d4eef45ace93d156eab562) Importer(815301076,1909f56bfc062723c751e8b465ee728b)  -> (artifact id: '5f88338c082b03f3f408fa89b71896a0') in 0.036405 seconds
  Import took 0.041568 seconds .

========================================================================
Received Import Request.
  Time since last request: 0.000313 seconds.
  path: Assets/GUI_Parts/Gui_parts/Mini_frame1.png
  artifactKey: Guid(9a38d34966735d24e9cda5ecb0a183bc) Importer(815301076,1909f56bfc062723c751e8b465ee728b)
Start importing Assets/GUI_Parts/Gui_parts/Mini_frame1.png using Guid(9a38d34966735d24e9cda5ecb0a183bc) Importer(815301076,1909f56bfc062723c751e8b465ee728b)  -> (artifact id: 'c09e1adff26f43fec7c659c13e2820ab') in 0.016991 seconds
  Import took 0.020831 seconds .

========================================================================
Received Import Request.
  Time since last request: 0.000299 seconds.
  path: Assets/GUI_Parts/Gui_parts/name_bar2.png
  artifactKey: Guid(e4c261293bfe98f4fa9d9591373bc443) Importer(815301076,1909f56bfc062723c751e8b465ee728b)
Start importing Assets/GUI_Parts/Gui_parts/name_bar2.png using Guid(e4c261293bfe98f4fa9d9591373bc443) Importer(815301076,1909f56bfc062723c751e8b465ee728b)  -> (artifact id: 'ee8676839432d005d1f7e34755ed9ac8') in 0.031795 seconds
  Import took 0.035852 seconds .

========================================================================
Received Import Request.
  Time since last request: 0.000504 seconds.
  path: Assets/GUI_Parts/Gui_parts/Mini_frame0.png
  artifactKey: Guid(4293f3f43e7a5524dbcb191b0ef09d9c) Importer(815301076,1909f56bfc062723c751e8b465ee728b)
Start importing Assets/GUI_Parts/Gui_parts/Mini_frame0.png using Guid(4293f3f43e7a5524dbcb191b0ef09d9c) Importer(815301076,1909f56bfc062723c751e8b465ee728b)  -> (artifact id: '0eac5b28a4744dd75ad2fcdbcd29358c') in 0.028145 seconds
  Import took 0.035199 seconds .

========================================================================
Received Import Request.
  Time since last request: 0.000510 seconds.
  path: Assets/GUI_Parts/Gui_parts/Mini_frame2.png
  artifactKey: Guid(6a05953725450a442897308eb7564337) Importer(815301076,1909f56bfc062723c751e8b465ee728b)
Start importing Assets/GUI_Parts/Gui_parts/Mini_frame2.png using Guid(6a05953725450a442897308eb7564337) Importer(815301076,1909f56bfc062723c751e8b465ee728b)  -> (artifact id: '38d3a14cf67687bcdba00c0308e7f164') in 0.040032 seconds
  Import took 0.045986 seconds .

========================================================================
Received Import Request.
  Time since last request: 0.000327 seconds.
  path: Assets/GUI_Parts/Gui_parts/button_frame.png
  artifactKey: Guid(7364a4590b0bc38428e39dd6dc8e7a65) Importer(815301076,1909f56bfc062723c751e8b465ee728b)
Start importing Assets/GUI_Parts/Gui_parts/button_frame.png using Guid(7364a4590b0bc38428e39dd6dc8e7a65) Importer(815301076,1909f56bfc062723c751e8b465ee728b)  -> (artifact id: '4f4bdcdfa49605f4ac8b23f7695806c1') in 0.019989 seconds
  Import took 0.024266 seconds .

========================================================================
Received Import Request.
  Time since last request: 0.000411 seconds.
  path: Assets/GUI_Parts/Gui_parts/Frame_big.png
  artifactKey: Guid(c430351465fe1fc42a6bef5878a08253) Importer(815301076,1909f56bfc062723c751e8b465ee728b)
Start importing Assets/GUI_Parts/Gui_parts/Frame_big.png using Guid(c430351465fe1fc42a6bef5878a08253) Importer(815301076,1909f56bfc062723c751e8b465ee728b)  -> (artifact id: '1eb0044a137acb7eb23766c40a1b6ec4') in 0.086701 seconds
  Import took 0.091924 seconds .

========================================================================
Received Import Request.
  Time since last request: 0.000339 seconds.
  path: Assets/GUI_Parts/Gui_parts/Mini_background.png
  artifactKey: Guid(4f033cdd2b09f9a43b139729d09d002c) Importer(815301076,1909f56bfc062723c751e8b465ee728b)
Start importing Assets/GUI_Parts/Gui_parts/Mini_background.png using Guid(4f033cdd2b09f9a43b139729d09d002c) Importer(815301076,1909f56bfc062723c751e8b465ee728b)  -> (artifact id: 'e02a82d46f2e774f6d08d779d5306e5d') in 0.029206 seconds
  Import took 0.034831 seconds .

========================================================================
Received Import Request.
  Time since last request: 0.000774 seconds.
  path: Assets/GUI_Parts/Gui_parts/mid_background.png
  artifactKey: Guid(f203f165ae401fe46ada0ed50d07149c) Importer(815301076,1909f56bfc062723c751e8b465ee728b)
Start importing Assets/GUI_Parts/Gui_parts/mid_background.png using Guid(f203f165ae401fe46ada0ed50d07149c) Importer(815301076,1909f56bfc062723c751e8b465ee728b)  -> (artifact id: 'eef4ac3c604a16cfd6f85fcd19cc991b') in 0.038458 seconds
  Import took 0.042649 seconds .

========================================================================
Received Import Request.
  Time since last request: 0.000658 seconds.
  path: Assets/GUI_Parts/Gui_parts/button2_ready_on.png
  artifactKey: Guid(6b8728d20b5d4c540b335c3789517218) Importer(815301076,1909f56bfc062723c751e8b465ee728b)
Start importing Assets/GUI_Parts/Gui_parts/button2_ready_on.png using Guid(6b8728d20b5d4c540b335c3789517218) Importer(815301076,1909f56bfc062723c751e8b465ee728b)  -> (artifact id: '2b16a8752dedec3052372247d6de8f89') in 0.032317 seconds
  Import took 0.036978 seconds .

========================================================================
Received Import Request.
  Time since last request: 0.000633 seconds.
  path: Assets/GUI_Parts/Gui_parts/name_bar.png
  artifactKey: Guid(7491a4e8767295b409ec7ee0eed9d694) Importer(815301076,1909f56bfc062723c751e8b465ee728b)
Start importing Assets/GUI_Parts/Gui_parts/name_bar.png using Guid(7491a4e8767295b409ec7ee0eed9d694) Importer(815301076,1909f56bfc062723c751e8b465ee728b)  -> (artifact id: 'e31562646be2dff1a817ed6fedd133c8') in 0.016745 seconds
  Import took 0.021946 seconds .

========================================================================
Received Import Request.
  Time since last request: 0.000341 seconds.
  path: Assets/GUI_Parts/Gui_parts/lil_roundframe_ready.png
  artifactKey: Guid(76a827c0b7b700d4fa9e135b970a64b1) Importer(815301076,1909f56bfc062723c751e8b465ee728b)
Start importing Assets/GUI_Parts/Gui_parts/lil_roundframe_ready.png using Guid(76a827c0b7b700d4fa9e135b970a64b1) Importer(815301076,1909f56bfc062723c751e8b465ee728b)  -> (artifact id: '9f72264e6914d7a4355ef28d1cec8989') in 0.033005 seconds
  Import took 0.037035 seconds .

========================================================================
Received Import Request.
  Time since last request: 0.000389 seconds.
  path: Assets/GUI_Parts/Gui_parts/name_bar3.png
  artifactKey: Guid(12eaceb7341922b4398ff20c8bbcff90) Importer(815301076,1909f56bfc062723c751e8b465ee728b)
Start importing Assets/GUI_Parts/Gui_parts/name_bar3.png using Guid(12eaceb7341922b4398ff20c8bbcff90) Importer(815301076,1909f56bfc062723c751e8b465ee728b)  -> (artifact id: '381e533771daee5f66f8a6f71bba176d') in 0.028778 seconds
  Import took 0.032700 seconds .

========================================================================
Received Import Request.
  Time since last request: 0.000364 seconds.
  path: Assets/GUI_Parts/Gui_parts/big_background.png
  artifactKey: Guid(4edbc5539b441f049966c07e2ba12186) Importer(815301076,1909f56bfc062723c751e8b465ee728b)
Start importing Assets/GUI_Parts/Gui_parts/big_background.png using Guid(4edbc5539b441f049966c07e2ba12186) Importer(815301076,1909f56bfc062723c751e8b465ee728b)  -> (artifact id: '486a8a104ebe8d4846f3c6d48e8848b6') in 0.081490 seconds
  Import took 0.086635 seconds .

========================================================================
Received Import Request.
  Time since last request: 0.000312 seconds.
  path: Assets/GUI_Parts/Gui_parts/button_ready_on.png
  artifactKey: Guid(c9006339b2156b142934eac2999ef67c) Importer(815301076,1909f56bfc062723c751e8b465ee728b)
Start importing Assets/GUI_Parts/Gui_parts/button_ready_on.png using Guid(c9006339b2156b142934eac2999ef67c) Importer(815301076,1909f56bfc062723c751e8b465ee728b)  -> (artifact id: '3932042ff4cc28d5370fa0714f2d3eac') in 0.031733 seconds
  Import took 0.036062 seconds .

========================================================================
Received Import Request.
  Time since last request: 0.000844 seconds.
  path: Assets/GUI_Parts/Gui_parts/button2_ready_off.png
  artifactKey: Guid(4b3d2095baccc2041b973b66b786b9d0) Importer(815301076,1909f56bfc062723c751e8b465ee728b)
Start importing Assets/GUI_Parts/Gui_parts/button2_ready_off.png using Guid(4b3d2095baccc2041b973b66b786b9d0) Importer(815301076,1909f56bfc062723c751e8b465ee728b)  -> (artifact id: 'dc2cd4d7667a0dac319be8839316bf1b') in 0.033171 seconds
  Import took 0.037380 seconds .

========================================================================
Received Import Request.
  Time since last request: 2667.325192 seconds.
  path: Assets/InventoryIcons
  artifactKey: Guid(4af8de29f24cec94dad14d8055c566f5) Importer(815301076,1909f56bfc062723c751e8b465ee728b)
Start importing Assets/InventoryIcons using Guid(4af8de29f24cec94dad14d8055c566f5) Importer(815301076,1909f56bfc062723c751e8b465ee728b)  -> (artifact id: 'd23fa89506cf8dd99d9f2e4ba10085ed') in 0.022094 seconds
  Import took 0.081860 seconds .

========================================================================
Received Import Request.
  Time since last request: 0.069669 seconds.
  path: Assets/InventoryIcons/Gold.png
  artifactKey: Guid(3676a0b185daeb54fb257f700ba7ead4) Importer(815301076,1909f56bfc062723c751e8b465ee728b)
Start importing Assets/InventoryIcons/Gold.png using Guid(3676a0b185daeb54fb257f700ba7ead4) Importer(815301076,1909f56bfc062723c751e8b465ee728b)  -> (artifact id: '9228aa2bb2dd710941f2021142edfcba') in 0.125035 seconds
  Import took 0.129983 seconds .

========================================================================
Received Import Request.
  Time since last request: 0.000354 seconds.
  path: Assets/InventoryIcons/SoldierShield_0.tga
  artifactKey: Guid(7a565e043bee1544ca39b0fe8b9dd1e3) Importer(815301076,1909f56bfc062723c751e8b465ee728b)
Start importing Assets/InventoryIcons/SoldierShield_0.tga using Guid(7a565e043bee1544ca39b0fe8b9dd1e3) Importer(815301076,1909f56bfc062723c751e8b465ee728b)  -> (artifact id: 'dd7f36f31c2a4134a4f470d2cb336fb2') in 0.039504 seconds
  Import took 0.045081 seconds .

========================================================================
Received Import Request.
  Time since last request: 0.000593 seconds.
  path: Assets/InventoryIcons/WildAxe_1.tga
  artifactKey: Guid(71b868453fce20440b11138ff1988897) Importer(815301076,1909f56bfc062723c751e8b465ee728b)
Start importing Assets/InventoryIcons/WildAxe_1.tga using Guid(71b868453fce20440b11138ff1988897) Importer(815301076,1909f56bfc062723c751e8b465ee728b)  -> (artifact id: '01bef47d8198521cb11a8813c8c56173') in 0.038817 seconds
  Import took 0.044660 seconds .

========================================================================
Received Import Request.
  Time since last request: 0.000687 seconds.
  path: Assets/InventoryIcons/SoldierShield_1.tga
  artifactKey: Guid(cbd1ce3b90d8fd14897c57e0d9b958cd) Importer(815301076,1909f56bfc062723c751e8b465ee728b)
Start importing Assets/InventoryIcons/SoldierShield_1.tga using Guid(cbd1ce3b90d8fd14897c57e0d9b958cd) Importer(815301076,1909f56bfc062723c751e8b465ee728b)  -> (artifact id: '97444823cf3328358b618d8f00550751') in 0.057101 seconds
  Import took 0.062328 seconds .

========================================================================
Received Import Request.
  Time since last request: 0.000415 seconds.
  path: Assets/InventoryIcons/SoldierSword_2.tga
  artifactKey: Guid(291be97231468a7439452a4599a9e562) Importer(815301076,1909f56bfc062723c751e8b465ee728b)
Start importing Assets/InventoryIcons/SoldierSword_2.tga using Guid(291be97231468a7439452a4599a9e562) Importer(815301076,1909f56bfc062723c751e8b465ee728b)  -> (artifact id: '27267767a7f4b4979990d2fc7172c60e') in 0.054394 seconds
  Import took 0.058644 seconds .

========================================================================
Received Import Request.
  Time since last request: 0.000359 seconds.
  path: Assets/InventoryIcons/SoldierSword_0.tga
  artifactKey: Guid(523a3cabc87896d44b169c7483f460d1) Importer(815301076,1909f56bfc062723c751e8b465ee728b)
Start importing Assets/InventoryIcons/SoldierSword_0.tga using Guid(523a3cabc87896d44b169c7483f460d1) Importer(815301076,1909f56bfc062723c751e8b465ee728b)  -> (artifact id: '7f9ca6a721661de3676e400a15711350') in 0.043957 seconds
  Import took 0.049696 seconds .

========================================================================
Received Import Request.
  Time since last request: 0.000952 seconds.
  path: Assets/InventoryIcons/MP_Potion.png
  artifactKey: Guid(6592b916f86b19e428db6f6847c7b6dd) Importer(815301076,1909f56bfc062723c751e8b465ee728b)
Start importing Assets/InventoryIcons/MP_Potion.png using Guid(6592b916f86b19e428db6f6847c7b6dd) Importer(815301076,1909f56bfc062723c751e8b465ee728b)  -> (artifact id: '5fbe5409ce5993a746a72e3c75ecff69') in 0.041735 seconds
  Import took 0.046370 seconds .

========================================================================
Received Import Request.
  Time since last request: 0.000447 seconds.
  path: Assets/InventoryIcons/WildAxe_0.tga
  artifactKey: Guid(162d5dfeccc96ff4db53e2761ca30ea7) Importer(815301076,1909f56bfc062723c751e8b465ee728b)
Start importing Assets/InventoryIcons/WildAxe_0.tga using Guid(162d5dfeccc96ff4db53e2761ca30ea7) Importer(815301076,1909f56bfc062723c751e8b465ee728b)  -> (artifact id: '7593dc123bd8cc33f20be440adce8a44') in 0.045580 seconds
  Import took 0.050836 seconds .

========================================================================
Received Import Request.
  Time since last request: 0.000350 seconds.
  path: Assets/InventoryIcons/SoldierSword_1.tga
  artifactKey: Guid(332e781c9630d29418531179bc27369d) Importer(815301076,1909f56bfc062723c751e8b465ee728b)
Start importing Assets/InventoryIcons/SoldierSword_1.tga using Guid(332e781c9630d29418531179bc27369d) Importer(815301076,1909f56bfc062723c751e8b465ee728b)  -> (artifact id: 'a12546141815dedf707b97af9aad8a68') in 0.049071 seconds
  Import took 0.051908 seconds .

========================================================================
Received Import Request.
  Time since last request: 0.000404 seconds.
  path: Assets/InventoryIcons/SoldierShield_2.tga
  artifactKey: Guid(4da107a0de8b54d458b982195776241b) Importer(815301076,1909f56bfc062723c751e8b465ee728b)
Start importing Assets/InventoryIcons/SoldierShield_2.tga using Guid(4da107a0de8b54d458b982195776241b) Importer(815301076,1909f56bfc062723c751e8b465ee728b)  -> (artifact id: 'ef026cf0ee7f81a41c19f2b4378c924e') in 0.044894 seconds
  Import took 0.049248 seconds .

========================================================================
Received Import Request.
  Time since last request: 0.000389 seconds.
  path: Assets/InventoryIcons/WildAxe_2.tga
  artifactKey: Guid(850f67e529b3d5445bef263fe92c24cf) Importer(815301076,1909f56bfc062723c751e8b465ee728b)
Start importing Assets/InventoryIcons/WildAxe_2.tga using Guid(850f67e529b3d5445bef263fe92c24cf) Importer(815301076,1909f56bfc062723c751e8b465ee728b)  -> (artifact id: '0114408d10ec68e6aa0fd7d1a61070b6') in 0.050183 seconds
  Import took 0.053933 seconds .

========================================================================
Received Import Request.
  Time since last request: 0.000310 seconds.
  path: Assets/InventoryIcons/HP_Potion.png
  artifactKey: Guid(e52ea25af699fd445b7046374f81a5b9) Importer(815301076,1909f56bfc062723c751e8b465ee728b)
Start importing Assets/InventoryIcons/HP_Potion.png using Guid(e52ea25af699fd445b7046374f81a5b9) Importer(815301076,1909f56bfc062723c751e8b465ee728b)  -> (artifact id: 'a3fa22c660d3ec8c86076e5cd8b4c153') in 0.044347 seconds
  Import took 0.048160 seconds .

========================================================================
Received Import Request.
  Time since last request: 3.058608 seconds.
  path: Assets/GUI_Parts/Icons
  artifactKey: Guid(036595ac03790ba48b5017ed8191039a) Importer(815301076,1909f56bfc062723c751e8b465ee728b)
Start importing Assets/GUI_Parts/Icons using Guid(036595ac03790ba48b5017ed8191039a) Importer(815301076,1909f56bfc062723c751e8b465ee728b)  -> (artifact id: 'd91c8e1d255aaa45cd1e1374a92d7a23') in 0.004009 seconds
  Import took 0.008355 seconds .

========================================================================
Received Import Request.
  Time since last request: 0.097482 seconds.
  path: Assets/GUI_Parts/Icons/armor_icon.png
  artifactKey: Guid(d659f7396cd57754eba78763cf986c51) Importer(815301076,1909f56bfc062723c751e8b465ee728b)
Start importing Assets/GUI_Parts/Icons/armor_icon.png using Guid(d659f7396cd57754eba78763cf986c51) Importer(815301076,1909f56bfc062723c751e8b465ee728b)  -> (artifact id: '8ee9c53700101b255f745c1bb5b3f274') in 0.032635 seconds
  Import took 0.036977 seconds .

========================================================================
Received Import Request.
  Time since last request: 0.000484 seconds.
  path: Assets/GUI_Parts/Icons/skill_icon_04.png
  artifactKey: Guid(7092324b93851a14c858530cca4a6b26) Importer(815301076,1909f56bfc062723c751e8b465ee728b)
Start importing Assets/GUI_Parts/Icons/skill_icon_04.png using Guid(7092324b93851a14c858530cca4a6b26) Importer(815301076,1909f56bfc062723c751e8b465ee728b)  -> (artifact id: 'c3f4f91126663923b6557108eb5062e1') in 0.033010 seconds
  Import took 0.039209 seconds .

========================================================================
Received Import Request.
  Time since last request: 0.000597 seconds.
  path: Assets/GUI_Parts/Icons/stoune_icon.png
  artifactKey: Guid(108ca3e7dda90d945b0914bf9259ec94) Importer(815301076,1909f56bfc062723c751e8b465ee728b)
Start importing Assets/GUI_Parts/Icons/stoune_icon.png using Guid(108ca3e7dda90d945b0914bf9259ec94) Importer(815301076,1909f56bfc062723c751e8b465ee728b)  -> (artifact id: 'b9588aad738c95c0db6bb133be6b250b') in 0.032991 seconds
  Import took 0.038504 seconds .

========================================================================
Received Import Request.
  Time since last request: 0.000398 seconds.
  path: Assets/GUI_Parts/Icons/weapon_icon.png
  artifactKey: Guid(719c2201c2f5f6c4aafffaeb5abdf5f9) Importer(815301076,1909f56bfc062723c751e8b465ee728b)
Start importing Assets/GUI_Parts/Icons/weapon_icon.png using Guid(719c2201c2f5f6c4aafffaeb5abdf5f9) Importer(815301076,1909f56bfc062723c751e8b465ee728b)  -> (artifact id: '4f83108897c53c64a7eb39fc43317df6') in 0.031717 seconds
  Import took 0.036299 seconds .

========================================================================
Received Import Request.
  Time since last request: 0.000358 seconds.
  path: Assets/GUI_Parts/Icons/skill_icon_01_nobg.png
  artifactKey: Guid(4dc051a0301cecb4aa1a85036ace2a58) Importer(815301076,1909f56bfc062723c751e8b465ee728b)
Start importing Assets/GUI_Parts/Icons/skill_icon_01_nobg.png using Guid(4dc051a0301cecb4aa1a85036ace2a58) Importer(815301076,1909f56bfc062723c751e8b465ee728b)  -> (artifact id: '9cfae47dd1636f9aeb94a860a0aa6369') in 0.040685 seconds
  Import took 0.045974 seconds .

========================================================================
Received Import Request.
  Time since last request: 0.000368 seconds.
  path: Assets/GUI_Parts/Icons/skill_icon_04_nobg.png
  artifactKey: Guid(9895f5f95566ceb47bb239149d90cb44) Importer(815301076,1909f56bfc062723c751e8b465ee728b)
Start importing Assets/GUI_Parts/Icons/skill_icon_04_nobg.png using Guid(9895f5f95566ceb47bb239149d90cb44) Importer(815301076,1909f56bfc062723c751e8b465ee728b)  -> (artifact id: 'df851cf22bbe76078e73ca99716ecb7c') in 0.034546 seconds
  Import took 0.040850 seconds .

========================================================================
Received Import Request.
  Time since last request: 0.000250 seconds.
  path: Assets/GUI_Parts/Icons/skill_icon_02.png
  artifactKey: Guid(2c04f4986ebc72e48a8b0c3eb2e42db2) Importer(815301076,1909f56bfc062723c751e8b465ee728b)
Start importing Assets/GUI_Parts/Icons/skill_icon_02.png using Guid(2c04f4986ebc72e48a8b0c3eb2e42db2) Importer(815301076,1909f56bfc062723c751e8b465ee728b)  -> (artifact id: '8324802d55d07d84839f3b1f91bb8ae7') in 0.040799 seconds
  Import took 0.045759 seconds .

========================================================================
Received Import Request.
  Time since last request: 0.000866 seconds.
  path: Assets/GUI_Parts/Icons/skill_icon_03.png
  artifactKey: Guid(8a5f9829a049c704fa992203bfc451f2) Importer(815301076,1909f56bfc062723c751e8b465ee728b)
Start importing Assets/GUI_Parts/Icons/skill_icon_03.png using Guid(8a5f9829a049c704fa992203bfc451f2) Importer(815301076,1909f56bfc062723c751e8b465ee728b)  -> (artifact id: '14a8155d23dd776388c4b8265b3e38d7') in 0.037855 seconds
  Import took 0.043461 seconds .

========================================================================
Received Import Request.
  Time since last request: 0.000348 seconds.
  path: Assets/GUI_Parts/Icons/skill_icon_02_nobg.png
  artifactKey: Guid(c51afa706b02a044694b30f33f81d239) Importer(815301076,1909f56bfc062723c751e8b465ee728b)
Start importing Assets/GUI_Parts/Icons/skill_icon_02_nobg.png using Guid(c51afa706b02a044694b30f33f81d239) Importer(815301076,1909f56bfc062723c751e8b465ee728b)  -> (artifact id: '588abd40f0806def619fd0bba5f39a70') in 0.039505 seconds
  Import took 0.045842 seconds .

========================================================================
Received Import Request.
  Time since last request: 0.000513 seconds.
  path: Assets/GUI_Parts/Icons/skill_icon_01.png
  artifactKey: Guid(2d089513ae4adfc48a683c362ad9992c) Importer(815301076,1909f56bfc062723c751e8b465ee728b)
Start importing Assets/GUI_Parts/Icons/skill_icon_01.png using Guid(2d089513ae4adfc48a683c362ad9992c) Importer(815301076,1909f56bfc062723c751e8b465ee728b)  -> (artifact id: 'ab90963a8588514b0a401aa1fac4dc6a') in 0.037524 seconds
  Import took 0.043271 seconds .

========================================================================
Received Import Request.
  Time since last request: 0.000599 seconds.
  path: Assets/GUI_Parts/Icons/skill_icon_03_nobg.png
  artifactKey: Guid(cf6478ef684ce7f4c830edba147c7607) Importer(815301076,1909f56bfc062723c751e8b465ee728b)
Start importing Assets/GUI_Parts/Icons/skill_icon_03_nobg.png using Guid(cf6478ef684ce7f4c830edba147c7607) Importer(815301076,1909f56bfc062723c751e8b465ee728b)  -> (artifact id: '1d8f6217ca99bd8a1a24b6bb50f225dc') in 0.038773 seconds
  Import took 0.044344 seconds .

========================================================================
Received Import Request.
  Time since last request: 3.694593 seconds.
  path: Assets/Character_Monster/Animations
  artifactKey: Guid(940174604e42a4044bec2524e5421b70) Importer(815301076,1909f56bfc062723c751e8b465ee728b)
Start importing Assets/Character_Monster/Animations using Guid(940174604e42a4044bec2524e5421b70) Importer(815301076,1909f56bfc062723c751e8b465ee728b)  -> (artifact id: 'a67d8bdf07c955a60f2016da449b1d71') in 0.014602 seconds
  Import took 0.020429 seconds .

========================================================================
Received Import Request.
  Time since last request: 0.187047 seconds.
  path: Assets/Character_Monster/Animations/Monster@Attack.FBX
  artifactKey: Guid(e86ebdecfe8dfbb4383fe1722da5ea6a) Importer(815301076,1909f56bfc062723c751e8b465ee728b)
Start importing Assets/Character_Monster/Animations/Monster@Attack.FBX using Guid(e86ebdecfe8dfbb4383fe1722da5ea6a) Importer(815301076,1909f56bfc062723c751e8b465ee728b)  -> (artifact id: '6671a64d2860f935d3000d1884617b9e') in 0.737095 seconds
  Import took 0.742044 seconds .

========================================================================
Received Import Request.
  Time since last request: 0.000321 seconds.
  path: Assets/Character_Monster/Animations/Monster@Walk_Mec.FBX
  artifactKey: Guid(9fb8741c01a03464dafc2f716aee370a) Importer(815301076,1909f56bfc062723c751e8b465ee728b)
Start importing Assets/Character_Monster/Animations/Monster@Walk_Mec.FBX using Guid(9fb8741c01a03464dafc2f716aee370a) Importer(815301076,1909f56bfc062723c751e8b465ee728b)  -> (artifact id: 'f21c80aea87c093f2f6c9c356059d411') in 0.174136 seconds
  Import took 0.179022 seconds .

========================================================================
Received Import Request.
  Time since last request: 0.000371 seconds.
  path: Assets/Character_Monster/Animations/Monster@Run_Mec.FBX
  artifactKey: Guid(f7a1b5cd01d7ad347846fc0f296f45d0) Importer(815301076,1909f56bfc062723c751e8b465ee728b)
Start importing Assets/Character_Monster/Animations/Monster@Run_Mec.FBX using Guid(f7a1b5cd01d7ad347846fc0f296f45d0) Importer(815301076,1909f56bfc062723c751e8b465ee728b)  -> (artifact id: '0fa1405783babeaf0ce97b09ed194d1c') in 0.145015 seconds
  Import took 0.149509 seconds .

========================================================================
Received Import Request.
  Time since last request: 0.000333 seconds.
  path: Assets/Character_Monster/Animations/Monster@Dead.FBX
  artifactKey: Guid(7cd23062c89e7fe40b9529a9d84746fa) Importer(815301076,1909f56bfc062723c751e8b465ee728b)
Start importing Assets/Character_Monster/Animations/Monster@Dead.FBX using Guid(7cd23062c89e7fe40b9529a9d84746fa) Importer(815301076,1909f56bfc062723c751e8b465ee728b)  -> (artifact id: '2bf8107c111cdf1504607ecfddb3a78f') in 0.138405 seconds
  Import took 0.143782 seconds .

========================================================================
Received Import Request.
  Time since last request: 0.000323 seconds.
  path: Assets/Character_Monster/Animations/Monster@Get_Hit.FBX
  artifactKey: Guid(fc3ce44acf46df04e85ad1e6180d9200) Importer(815301076,1909f56bfc062723c751e8b465ee728b)
Start importing Assets/Character_Monster/Animations/Monster@Get_Hit.FBX using Guid(fc3ce44acf46df04e85ad1e6180d9200) Importer(815301076,1909f56bfc062723c751e8b465ee728b)  -> (artifact id: 'a4ef249aac644b620121368663293912') in 0.142277 seconds
  Import took 0.147187 seconds .

========================================================================
Received Import Request.
  Time since last request: 0.000304 seconds.
  path: Assets/Character_Monster/Animations/Monster@Jump.FBX
  artifactKey: Guid(89224e77c94c76f4b87fb4734f399556) Importer(815301076,1909f56bfc062723c751e8b465ee728b)
Start importing Assets/Character_Monster/Animations/Monster@Jump.FBX using Guid(89224e77c94c76f4b87fb4734f399556) Importer(815301076,1909f56bfc062723c751e8b465ee728b)  -> (artifact id: '33d97fa40cd34e428eddcd0ff9dbff33') in 0.159884 seconds
  Import took 0.165275 seconds .

========================================================================
Received Import Request.
  Time since last request: 0.000278 seconds.
  path: Assets/Character_Monster/Animations/Monster@Run.FBX
  artifactKey: Guid(a7a696da0962fd94295fda6b2836b682) Importer(815301076,1909f56bfc062723c751e8b465ee728b)
Start importing Assets/Character_Monster/Animations/Monster@Run.FBX using Guid(a7a696da0962fd94295fda6b2836b682) Importer(815301076,1909f56bfc062723c751e8b465ee728b)  -> (artifact id: 'a181f6d741d15d0920598c182a99c97d') in 0.147095 seconds
  Import took 0.151440 seconds .

========================================================================
Received Import Request.
  Time since last request: 0.000285 seconds.
  path: Assets/Character_Monster/Animations/Monster@Idle.FBX
  artifactKey: Guid(0989fc1e20491764d9b7d6a60fe98ddb) Importer(815301076,1909f56bfc062723c751e8b465ee728b)
Start importing Assets/Character_Monster/Animations/Monster@Idle.FBX using Guid(0989fc1e20491764d9b7d6a60fe98ddb) Importer(815301076,1909f56bfc062723c751e8b465ee728b)  -> (artifact id: 'dea2828526e097501d5754eb234d5040') in 0.139496 seconds
  Import took 0.143821 seconds .

========================================================================
Received Import Request.
  Time since last request: 0.000307 seconds.
  path: Assets/Character_Monster/Animations/Monster@Walk.FBX
  artifactKey: Guid(37320604b5af75c4ebe04a44c686961d) Importer(815301076,1909f56bfc062723c751e8b465ee728b)
Start importing Assets/Character_Monster/Animations/Monster@Walk.FBX using Guid(37320604b5af75c4ebe04a44c686961d) Importer(815301076,1909f56bfc062723c751e8b465ee728b)  -> (artifact id: 'e120eda63cf0b957dc0ddee807749abe') in 0.147634 seconds
  Import took 0.154138 seconds .

========================================================================
Received Import Request.
  Time since last request: 6.882593 seconds.
  path: Assets/Mryotaisu/Animators
  artifactKey: Guid(478602bdad9c3f34bbd87e4679023a79) Importer(815301076,1909f56bfc062723c751e8b465ee728b)
Start importing Assets/Mryotaisu/Animators using Guid(478602bdad9c3f34bbd87e4679023a79) Importer(815301076,1909f56bfc062723c751e8b465ee728b)  -> (artifact id: '8aca338e9aab51f91c1296bbd46e5cad') in 0.015473 seconds
  Import took 0.021659 seconds .

========================================================================
Received Import Request.
  Time since last request: 51.298064 seconds.
  path: Assets/RPG_inventory_icons
  artifactKey: Guid(29598cb3c0f1dfc4ea16de7c6a236aeb) Importer(815301076,1909f56bfc062723c751e8b465ee728b)
Start importing Assets/RPG_inventory_icons using Guid(29598cb3c0f1dfc4ea16de7c6a236aeb) Importer(815301076,1909f56bfc062723c751e8b465ee728b)  -> (artifact id: '210b7022ad810f97176ebad6652f9217') in 0.004471 seconds
  Import took 0.010012 seconds .

========================================================================
Received Import Request.
  Time since last request: 0.087681 seconds.
  path: Assets/RPG_inventory_icons/apple.png
  artifactKey: Guid(5d9ba4e7d0964044ea54abe409d81dfd) Importer(815301076,1909f56bfc062723c751e8b465ee728b)
Start importing Assets/RPG_inventory_icons/apple.png using Guid(5d9ba4e7d0964044ea54abe409d81dfd) Importer(815301076,1909f56bfc062723c751e8b465ee728b)  -> (artifact id: '723fa5914374713ae06b58730da7e4fe') in 0.030441 seconds
  Import took 0.034481 seconds .

========================================================================
Received Import Request.
  Time since last request: 0.000386 seconds.
  path: Assets/RPG_inventory_icons/belts.png
  artifactKey: Guid(da09804303305f542a686824630e7269) Importer(815301076,1909f56bfc062723c751e8b465ee728b)
Start importing Assets/RPG_inventory_icons/belts.png using Guid(da09804303305f542a686824630e7269) Importer(815301076,1909f56bfc062723c751e8b465ee728b)  -> (artifact id: 'f431d932ebcd5d3e37afd2773b252432') in 0.030312 seconds
  Import took 0.034979 seconds .

========================================================================
Received Import Request.
  Time since last request: 0.000373 seconds.
  path: Assets/RPG_inventory_icons/b_t_01.png
  artifactKey: Guid(5d7061fc7da05ce44add317708ec7215) Importer(815301076,1909f56bfc062723c751e8b465ee728b)
Start importing Assets/RPG_inventory_icons/b_t_01.png using Guid(5d7061fc7da05ce44add317708ec7215) Importer(815301076,1909f56bfc062723c751e8b465ee728b)  -> (artifact id: 'c8789ee7ca9b1b1fb4e2a6d3acc22a6f') in 0.042213 seconds
  Import took 0.048513 seconds .

========================================================================
Received Import Request.
  Time since last request: 0.000465 seconds.
  path: Assets/RPG_inventory_icons/gem.png
  artifactKey: Guid(e7d29a79bc7fae248887c8a08a160303) Importer(815301076,1909f56bfc062723c751e8b465ee728b)
Start importing Assets/RPG_inventory_icons/gem.png using Guid(e7d29a79bc7fae248887c8a08a160303) Importer(815301076,1909f56bfc062723c751e8b465ee728b)  -> (artifact id: '47a57e2be86b0e4c5932d33277e9d501') in 0.049064 seconds
  Import took 0.053881 seconds .

========================================================================
Received Import Request.
  Time since last request: 0.000356 seconds.
  path: Assets/RPG_inventory_icons/book.PNG
  artifactKey: Guid(ae496f5dad56ea645b72d374a0376368) Importer(815301076,1909f56bfc062723c751e8b465ee728b)
Start importing Assets/RPG_inventory_icons/book.PNG using Guid(ae496f5dad56ea645b72d374a0376368) Importer(815301076,1909f56bfc062723c751e8b465ee728b)  -> (artifact id: 'c23a7d78b924d8a7b18bef1a4bb1f8e5') in 0.055960 seconds
  Import took 0.060302 seconds .

========================================================================
Received Import Request.
  Time since last request: 0.000330 seconds.
  path: Assets/RPG_inventory_icons/shield.png
  artifactKey: Guid(b97c91e8b348f3f4ebdc11f5c82182cd) Importer(815301076,1909f56bfc062723c751e8b465ee728b)
Start importing Assets/RPG_inventory_icons/shield.png using Guid(b97c91e8b348f3f4ebdc11f5c82182cd) Importer(815301076,1909f56bfc062723c751e8b465ee728b)  -> (artifact id: '370d047115cda328ace16e25f8e66a3e') in 0.039367 seconds
  Import took 0.044934 seconds .

========================================================================
Received Import Request.
  Time since last request: 0.000331 seconds.
  path: Assets/RPG_inventory_icons/scroll.png
  artifactKey: Guid(db427fab3e94daf4caa704d9314a77a1) Importer(815301076,1909f56bfc062723c751e8b465ee728b)
Start importing Assets/RPG_inventory_icons/scroll.png using Guid(db427fab3e94daf4caa704d9314a77a1) Importer(815301076,1909f56bfc062723c751e8b465ee728b)  -> (artifact id: '0a9d690f9f8ec9fbc5be553a0e229b07') in 0.043317 seconds
  Import took 0.048064 seconds .

========================================================================
Received Import Request.
  Time since last request: 0.000331 seconds.
  path: Assets/RPG_inventory_icons/rings.PNG
  artifactKey: Guid(970324311431c794ca338446ea889948) Importer(815301076,1909f56bfc062723c751e8b465ee728b)
Start importing Assets/RPG_inventory_icons/rings.PNG using Guid(970324311431c794ca338446ea889948) Importer(815301076,1909f56bfc062723c751e8b465ee728b)  -> (artifact id: '0a68054511dfa6e2d456a1429f178c3e') in 0.044434 seconds
  Import took 0.048146 seconds .

========================================================================
Received Import Request.
  Time since last request: 0.000447 seconds.
  path: Assets/RPG_inventory_icons/Meat.png
  artifactKey: Guid(4a39cb4b272639541b7bd5ac0649acf7) Importer(815301076,1909f56bfc062723c751e8b465ee728b)
Start importing Assets/RPG_inventory_icons/Meat.png using Guid(4a39cb4b272639541b7bd5ac0649acf7) Importer(815301076,1909f56bfc062723c751e8b465ee728b)  -> (artifact id: '6abb4bac82531d1beaeb8c51f043794e') in 0.050024 seconds
  Import took 0.054223 seconds .

========================================================================
Received Import Request.
  Time since last request: 0.000381 seconds.
  path: Assets/RPG_inventory_icons/bag.png
  artifactKey: Guid(fe025e83f69d0b54f8a4fe3c7c128fd7) Importer(815301076,1909f56bfc062723c751e8b465ee728b)
Start importing Assets/RPG_inventory_icons/bag.png using Guid(fe025e83f69d0b54f8a4fe3c7c128fd7) Importer(815301076,1909f56bfc062723c751e8b465ee728b)  -> (artifact id: '1d0ebd0ae8a9cafa0170862f95c79615') in 0.043127 seconds
  Import took 0.047970 seconds .

========================================================================
Received Import Request.
  Time since last request: 0.000330 seconds.
  path: Assets/RPG_inventory_icons/bracers.PNG
  artifactKey: Guid(70a77abda853dd941a0c8debf1de9b04) Importer(815301076,1909f56bfc062723c751e8b465ee728b)
Start importing Assets/RPG_inventory_icons/bracers.PNG using Guid(70a77abda853dd941a0c8debf1de9b04) Importer(815301076,1909f56bfc062723c751e8b465ee728b)  -> (artifact id: '27450ee15d61a92da34a102f661c1e00') in 0.029214 seconds
  Import took 0.033358 seconds .

========================================================================
Received Import Request.
  Time since last request: 0.000359 seconds.
  path: Assets/RPG_inventory_icons/pants.png
  artifactKey: Guid(b8fb302c5768e334ca82005f50e58121) Importer(815301076,1909f56bfc062723c751e8b465ee728b)
Start importing Assets/RPG_inventory_icons/pants.png using Guid(b8fb302c5768e334ca82005f50e58121) Importer(815301076,1909f56bfc062723c751e8b465ee728b)  -> (artifact id: '9997236555b24eac2bcb8187821207ad') in 0.036199 seconds
  Import took 0.040923 seconds .

========================================================================
Received Import Request.
  Time since last request: 0.000451 seconds.
  path: Assets/RPG_inventory_icons/axe.png
  artifactKey: Guid(172774604c1bee84185a69041576525b) Importer(815301076,1909f56bfc062723c751e8b465ee728b)
Start importing Assets/RPG_inventory_icons/axe.png using Guid(172774604c1bee84185a69041576525b) Importer(815301076,1909f56bfc062723c751e8b465ee728b)  -> (artifact id: '05372f8714ca68697db6b8ed7dc96b1d') in 0.044302 seconds
  Import took 0.049355 seconds .

========================================================================
Received Import Request.
  Time since last request: 0.000392 seconds.
  path: Assets/RPG_inventory_icons/ingots.png
  artifactKey: Guid(3e4fcc84a0ac95b429c56452575f6021) Importer(815301076,1909f56bfc062723c751e8b465ee728b)
Start importing Assets/RPG_inventory_icons/ingots.png using Guid(3e4fcc84a0ac95b429c56452575f6021) Importer(815301076,1909f56bfc062723c751e8b465ee728b)  -> (artifact id: 'fbe1fca8a86290d1beaf3ebf001d01bc') in 0.050195 seconds
  Import took 0.054961 seconds .

========================================================================
Received Import Request.
  Time since last request: 0.000360 seconds.
  path: Assets/RPG_inventory_icons/shoulders.png
  artifactKey: Guid(f126324fd2486a641842ea5a8244c2d1) Importer(815301076,1909f56bfc062723c751e8b465ee728b)
Start importing Assets/RPG_inventory_icons/shoulders.png using Guid(f126324fd2486a641842ea5a8244c2d1) Importer(815301076,1909f56bfc062723c751e8b465ee728b)  -> (artifact id: '79ac4dc5583641a221cec39d720cc467') in 0.058730 seconds
  Import took 0.064301 seconds .

========================================================================
Received Import Request.
  Time since last request: 0.000313 seconds.
  path: Assets/RPG_inventory_icons/cloaks.PNG
  artifactKey: Guid(6fc27c9d7fc2d9448af6851bf935e6d2) Importer(815301076,1909f56bfc062723c751e8b465ee728b)
Start importing Assets/RPG_inventory_icons/cloaks.PNG using Guid(6fc27c9d7fc2d9448af6851bf935e6d2) Importer(815301076,1909f56bfc062723c751e8b465ee728b)  -> (artifact id: '0137185ea6f1decaf623872a29538d30') in 0.038693 seconds
  Import took 0.043218 seconds .

========================================================================
Received Import Request.
  Time since last request: 0.000408 seconds.
  path: Assets/RPG_inventory_icons/helmets.png
  artifactKey: Guid(fd6e4fc32c78509458fc45ea4a478ba8) Importer(815301076,1909f56bfc062723c751e8b465ee728b)
Start importing Assets/RPG_inventory_icons/helmets.png using Guid(fd6e4fc32c78509458fc45ea4a478ba8) Importer(815301076,1909f56bfc062723c751e8b465ee728b)  -> (artifact id: '384fbaf900267861c3cabcd7d900147d') in 0.054553 seconds
  Import took 0.060132 seconds .

========================================================================
Received Import Request.
  Time since last request: 0.000358 seconds.
  path: Assets/RPG_inventory_icons/f.PNG
  artifactKey: Guid(ed1074391f139544d941ae0870937dc0) Importer(815301076,1909f56bfc062723c751e8b465ee728b)
Start importing Assets/RPG_inventory_icons/f.PNG using Guid(ed1074391f139544d941ae0870937dc0) Importer(815301076,1909f56bfc062723c751e8b465ee728b)  -> (artifact id: 'b5186da0f460425e6570b557770e46c9') in 0.042327 seconds
  Import took 0.046375 seconds .

========================================================================
Received Import Request.
  Time since last request: 0.000393 seconds.
  path: Assets/RPG_inventory_icons/boots.png
  artifactKey: Guid(e420c5bc93cb2604695a893500c897e3) Importer(815301076,1909f56bfc062723c751e8b465ee728b)
Start importing Assets/RPG_inventory_icons/boots.png using Guid(e420c5bc93cb2604695a893500c897e3) Importer(815301076,1909f56bfc062723c751e8b465ee728b)  -> (artifact id: 'ecdbf24e0e852dc6f80a9fa091adedc6') in 0.052485 seconds
  Import took 0.057106 seconds .

========================================================================
Received Import Request.
  Time since last request: 0.000340 seconds.
  path: Assets/RPG_inventory_icons/armor.png
  artifactKey: Guid(2f1eaeeaad36ee5469eff7ff158f37ba) Importer(815301076,1909f56bfc062723c751e8b465ee728b)
Start importing Assets/RPG_inventory_icons/armor.png using Guid(2f1eaeeaad36ee5469eff7ff158f37ba) Importer(815301076,1909f56bfc062723c751e8b465ee728b)  -> (artifact id: '43e99d2f148181253e19000f923abc89') in 0.042336 seconds
  Import took 0.046752 seconds .

========================================================================
Received Import Request.
  Time since last request: 0.000354 seconds.
  path: Assets/RPG_inventory_icons/gloves.PNG
  artifactKey: Guid(d4f5634edede200468fc1ccf30e6f3a1) Importer(815301076,1909f56bfc062723c751e8b465ee728b)
Start importing Assets/RPG_inventory_icons/gloves.PNG using Guid(d4f5634edede200468fc1ccf30e6f3a1) Importer(815301076,1909f56bfc062723c751e8b465ee728b)  -> (artifact id: '3d93084520aa9931e1a5c2e191a3afa3') in 0.053770 seconds
  Import took 0.059086 seconds .

========================================================================
Received Import Request.
  Time since last request: 0.000324 seconds.
  path: Assets/RPG_inventory_icons/necklace.PNG
  artifactKey: Guid(0e123cfdc54a3ca4684816a34167a566) Importer(815301076,1909f56bfc062723c751e8b465ee728b)
Start importing Assets/RPG_inventory_icons/necklace.PNG using Guid(0e123cfdc54a3ca4684816a34167a566) Importer(815301076,1909f56bfc062723c751e8b465ee728b)  -> (artifact id: '9207d985b68a31f5328872f00754e8f1') in 0.050505 seconds
  Import took 0.054895 seconds .

========================================================================
Received Import Request.
  Time since last request: 0.000796 seconds.
  path: Assets/RPG_inventory_icons/sword.png
  artifactKey: Guid(5fd50594014b70e48bd6993443d46b32) Importer(815301076,1909f56bfc062723c751e8b465ee728b)
Start importing Assets/RPG_inventory_icons/sword.png using Guid(5fd50594014b70e48bd6993443d46b32) Importer(815301076,1909f56bfc062723c751e8b465ee728b)  -> (artifact id: '614753b447adbf91d8ee50b73ebfa569') in 0.043103 seconds
  Import took 0.049299 seconds .

