Using pre-set license
Built from '2020.2/release' branch; Version is '2020.2.1f1 (270dd8c3da1c) revision 2559448'; Using compiler version '192528614'; Build Type 'Release'
OS: 'Windows 10  (10.0.0) 64bit' Language: 'uk' Physical Memory: 4004 MB
BatchMode: 1, IsHumanControllingUs: 0, StartBugReporterOnCrash: 0, Is64bit: 1, IsPro: 0

 COMMAND LINE ARGUMENTS:
D:\Unity\Unity Editors Path\2020.2.1f1\Editor\Unity.exe
-adb2
-batchMode
-noUpm
-name
AssetImportWorker0
-projectPath
D:/Game/Unity/RPG
-logFile
Logs/AssetImportWorker0.log
-srvPort
51323
Successfully changed project path to: D:/Game/Unity/RPG
D:/Game/Unity/RPG
Using Asset Import Pipeline V2.
Refreshing native plugins compatible for Editor in 707.09 ms, found 0 plugins.
Preloading 0 native plugins for Editor in 0.00 ms.
Initialize engine version: 2020.2.1f1 (270dd8c3da1c)
[Subsystems] Discovering subsystems at path D:/Unity/Unity Editors Path/2020.2.1f1/Editor/Data/Resources/UnitySubsystems
[Subsystems] Discovering subsystems at path D:/Game/Unity/RPG/Assets
GfxDevice: creating device client; threaded=0
Direct3D:
    Version:  Direct3D 11.0 [level 11.0]
    Renderer: NVIDIA GeForce 920MX (ID=0x134f)
    Vendor:   
    VRAM:     2010 MB
    Driver:   27.21.14.6589
Initialize mono
Mono path[0] = 'D:/Unity/Unity Editors Path/2020.2.1f1/Editor/Data/Managed'
Mono path[1] = 'D:/Unity/Unity Editors Path/2020.2.1f1/Editor/Data/MonoBleedingEdge/lib/mono/unityjit'
Mono config path = 'D:/Unity/Unity Editors Path/2020.2.1f1/Editor/Data/MonoBleedingEdge/etc'
Using monoOptions --debugger-agent=transport=dt_socket,embedding=1,server=y,suspend=n,address=127.0.0.1:56060
Begin MonoManager ReloadAssembly
Registering precompiled unity dll's ...
Register platform support module: D:/Unity/Unity Editors Path/2020.2.1f1/Editor/Data/PlaybackEngines/WindowsStandaloneSupport/UnityEditor.WindowsStandalone.Extensions.dll
Registered in 0.004709 seconds.
Native extension for WindowsStandalone target not found
Refreshing native plugins compatible for Editor in 67.03 ms, found 0 plugins.
Preloading 0 native plugins for Editor in 0.00 ms.
Invoked RoslynAnalysisRunner static constructor.
RoslynAnalysisRunner will not be running.
RoslynAnalysisRunner has terminated.
Mono: successfully reloaded assembly
- Completed reload, in  5.044 seconds
Platform modules already initialized, skipping
Registering precompiled user dll's ...
Registered in 0.004066 seconds.
Begin MonoManager ReloadAssembly
Native extension for WindowsStandalone target not found
Refreshing native plugins compatible for Editor in 0.33 ms, found 0 plugins.
Preloading 0 native plugins for Editor in 0.00 ms.
Invoked RoslynAnalysisRunner static constructor.
RoslynAnalysisRunner will not be running.
RoslynAnalysisRunner has terminated.
Mono: successfully reloaded assembly
- Completed reload, in  2.372 seconds
Platform modules already initialized, skipping
========================================================================
Worker process is ready to serve import requests
Launched and connected shader compiler UnityShaderCompiler.exe after 0.08 seconds
Refreshing native plugins compatible for Editor in 0.62 ms, found 0 plugins.
Preloading 0 native plugins for Editor in 0.00 ms.
Unloading 1096 Unused Serialized files (Serialized files now loaded: 0)
System memory in use before: 58.1 MB.
System memory in use after: 58.2 MB.

Unloading 10 unused Assets to reduce memory usage. Loaded Objects now: 1543.
Total: 5.496900 ms (FindLiveObjects: 1.704400 ms CreateObjectMapping: 0.185200 ms MarkObjects: 3.458300 ms  DeleteObjects: 0.145500 ms)

========================================================================
Received Import Request.
  path: Assets/RPGHero/Animator/SwordAndShield.controller
  artifactKey: Guid(081111fd1834f42469e07a9a2ce295c6) Importer(815301076,1909f56bfc062723c751e8b465ee728b)
Start importing Assets/RPGHero/Animator/SwordAndShield.controller using Guid(081111fd1834f42469e07a9a2ce295c6) Importer(815301076,1909f56bfc062723c751e8b465ee728b)  -> (artifact id: '2ff58660e00be4b9e1f9804451aa571d') in 0.383225 seconds
  Import took 0.391722 seconds .

========================================================================
Received Prepare
Registering precompiled user dll's ...
Registered in 0.001358 seconds.
Begin MonoManager ReloadAssembly
Native extension for WindowsStandalone target not found
Refreshing native plugins compatible for Editor in 0.37 ms, found 0 plugins.
Preloading 0 native plugins for Editor in 0.00 ms.
Invoked RoslynAnalysisRunner static constructor.
RoslynAnalysisRunner will not be running.
RoslynAnalysisRunner has terminated.
Mono: successfully reloaded assembly
- Completed reload, in  1.549 seconds
Platform modules already initialized, skipping
Refreshing native plugins compatible for Editor in 0.49 ms, found 0 plugins.
Preloading 0 native plugins for Editor in 0.00 ms.
Unloading 1091 Unused Serialized files (Serialized files now loaded: 0)
System memory in use before: 58.4 MB.
System memory in use after: 58.5 MB.

Unloading 5 unused Assets to reduce memory usage. Loaded Objects now: 1545.
Total: 2.498900 ms (FindLiveObjects: 0.276200 ms CreateObjectMapping: 0.062100 ms MarkObjects: 2.090500 ms  DeleteObjects: 0.067200 ms)

========================================================================
Received Prepare
Registering precompiled user dll's ...
Registered in 0.001005 seconds.
Begin MonoManager ReloadAssembly
Native extension for WindowsStandalone target not found
Refreshing native plugins compatible for Editor in 0.34 ms, found 0 plugins.
Preloading 0 native plugins for Editor in 0.00 ms.
Invoked RoslynAnalysisRunner static constructor.
RoslynAnalysisRunner will not be running.
RoslynAnalysisRunner has terminated.
Mono: successfully reloaded assembly
- Completed reload, in  1.399 seconds
Platform modules already initialized, skipping
Refreshing native plugins compatible for Editor in 0.33 ms, found 0 plugins.
Preloading 0 native plugins for Editor in 0.00 ms.
Unloading 1091 Unused Serialized files (Serialized files now loaded: 0)
System memory in use before: 58.8 MB.
System memory in use after: 58.9 MB.

Unloading 5 unused Assets to reduce memory usage. Loaded Objects now: 1547.
Total: 2.795700 ms (FindLiveObjects: 0.185700 ms CreateObjectMapping: 0.055400 ms MarkObjects: 2.451900 ms  DeleteObjects: 0.098600 ms)

========================================================================
Received Prepare
Registering precompiled user dll's ...
Registered in 0.001866 seconds.
Begin MonoManager ReloadAssembly
Native extension for WindowsStandalone target not found
Refreshing native plugins compatible for Editor in 0.38 ms, found 0 plugins.
Preloading 0 native plugins for Editor in 0.00 ms.
Invoked RoslynAnalysisRunner static constructor.
RoslynAnalysisRunner will not be running.
RoslynAnalysisRunner has terminated.
Mono: successfully reloaded assembly
- Completed reload, in  1.927 seconds
Platform modules already initialized, skipping
Refreshing native plugins compatible for Editor in 0.48 ms, found 0 plugins.
Preloading 0 native plugins for Editor in 0.00 ms.
Unloading 1091 Unused Serialized files (Serialized files now loaded: 0)
System memory in use before: 58.9 MB.
System memory in use after: 58.9 MB.

Unloading 5 unused Assets to reduce memory usage. Loaded Objects now: 1549.
Total: 2.668800 ms (FindLiveObjects: 0.299300 ms CreateObjectMapping: 0.097300 ms MarkObjects: 2.201000 ms  DeleteObjects: 0.069000 ms)

========================================================================
Received Prepare
Registering precompiled user dll's ...
Registered in 0.001485 seconds.
Begin MonoManager ReloadAssembly
Native extension for WindowsStandalone target not found
Refreshing native plugins compatible for Editor in 0.32 ms, found 0 plugins.
Preloading 0 native plugins for Editor in 0.00 ms.
Invoked RoslynAnalysisRunner static constructor.
RoslynAnalysisRunner will not be running.
RoslynAnalysisRunner has terminated.
Mono: successfully reloaded assembly
- Completed reload, in  1.537 seconds
Platform modules already initialized, skipping
Refreshing native plugins compatible for Editor in 0.34 ms, found 0 plugins.
Preloading 0 native plugins for Editor in 0.00 ms.
Unloading 1092 Unused Serialized files (Serialized files now loaded: 0)
System memory in use before: 59.4 MB.
System memory in use after: 59.5 MB.

Unloading 5 unused Assets to reduce memory usage. Loaded Objects now: 1552.
Total: 4.051300 ms (FindLiveObjects: 0.277800 ms CreateObjectMapping: 0.072200 ms MarkObjects: 3.619600 ms  DeleteObjects: 0.078900 ms)

========================================================================
Received Prepare
Registering precompiled user dll's ...
Registered in 0.001212 seconds.
Begin MonoManager ReloadAssembly
Native extension for WindowsStandalone target not found
Refreshing native plugins compatible for Editor in 0.64 ms, found 0 plugins.
Preloading 0 native plugins for Editor in 0.00 ms.
Invoked RoslynAnalysisRunner static constructor.
RoslynAnalysisRunner will not be running.
RoslynAnalysisRunner has terminated.
Mono: successfully reloaded assembly
- Completed reload, in  6.440 seconds
Platform modules already initialized, skipping
Refreshing native plugins compatible for Editor in 2.07 ms, found 0 plugins.
Preloading 0 native plugins for Editor in 0.00 ms.
Unloading 1092 Unused Serialized files (Serialized files now loaded: 0)
System memory in use before: 59.8 MB.
System memory in use after: 59.8 MB.

Unloading 5 unused Assets to reduce memory usage. Loaded Objects now: 1554.
Total: 7.360200 ms (FindLiveObjects: 0.352200 ms CreateObjectMapping: 0.191100 ms MarkObjects: 6.708400 ms  DeleteObjects: 0.105300 ms)

========================================================================
Received Import Request.
  Time since last request: 1220.835409 seconds.
  path: Assets/Scripts/CameraController.cs
  artifactKey: Guid(2442f2efccead254b9895c5f26d6caf0) Importer(815301076,1909f56bfc062723c751e8b465ee728b)
Start importing Assets/Scripts/CameraController.cs using Guid(2442f2efccead254b9895c5f26d6caf0) Importer(815301076,1909f56bfc062723c751e8b465ee728b)  -> (artifact id: 'e82f1c26efd7b8a3ceea42284580c309') in 0.033703 seconds
  Import took 0.040119 seconds .

========================================================================
Received Prepare
Registering precompiled user dll's ...
Registered in 0.009511 seconds.
Begin MonoManager ReloadAssembly
Native extension for WindowsStandalone target not found
Refreshing native plugins compatible for Editor in 0.33 ms, found 0 plugins.
Preloading 0 native plugins for Editor in 0.00 ms.
Invoked RoslynAnalysisRunner static constructor.
RoslynAnalysisRunner will not be running.
RoslynAnalysisRunner has terminated.
Mono: successfully reloaded assembly
- Completed reload, in  1.945 seconds
Platform modules already initialized, skipping
Refreshing native plugins compatible for Editor in 0.38 ms, found 0 plugins.
Preloading 0 native plugins for Editor in 0.00 ms.
Unloading 1091 Unused Serialized files (Serialized files now loaded: 0)
System memory in use before: 59.9 MB.
System memory in use after: 60.0 MB.

Unloading 6 unused Assets to reduce memory usage. Loaded Objects now: 1555.
Total: 2.418300 ms (FindLiveObjects: 0.186400 ms CreateObjectMapping: 0.053800 ms MarkObjects: 2.107100 ms  DeleteObjects: 0.068500 ms)

========================================================================
Received Import Request.
  Time since last request: 526.955856 seconds.
  path: Assets/Scripts/PlayerController.cs
  artifactKey: Guid(e95b09f83ff9718458c62b0491dec20d) Importer(815301076,1909f56bfc062723c751e8b465ee728b)
Start importing Assets/Scripts/PlayerController.cs using Guid(e95b09f83ff9718458c62b0491dec20d) Importer(815301076,1909f56bfc062723c751e8b465ee728b)  -> (artifact id: '4b790f68035a9c394e6c321e07e12d63') in 0.040454 seconds
  Import took 0.065549 seconds .

========================================================================
Received Import Request.
  Time since last request: 0.002394 seconds.
  path: Assets/Scripts/PlayerController.cs
  artifactKey: Guid(e95b09f83ff9718458c62b0491dec20d) Importer(815301076,1909f56bfc062723c751e8b465ee728b)
Start importing Assets/Scripts/PlayerController.cs using Guid(e95b09f83ff9718458c62b0491dec20d) Importer(815301076,1909f56bfc062723c751e8b465ee728b)  -> (artifact id: '4b790f68035a9c394e6c321e07e12d63') in 0.013769 seconds
  Import took 0.030172 seconds .

========================================================================
Received Prepare
Registering precompiled user dll's ...
Registered in 0.001991 seconds.
Begin MonoManager ReloadAssembly
Native extension for WindowsStandalone target not found
Refreshing native plugins compatible for Editor in 26.31 ms, found 0 plugins.
Preloading 0 native plugins for Editor in 0.00 ms.
Invoked RoslynAnalysisRunner static constructor.
RoslynAnalysisRunner will not be running.
RoslynAnalysisRunner has terminated.
Mono: successfully reloaded assembly
- Completed reload, in 48.609 seconds
Platform modules already initialized, skipping
Refreshing native plugins compatible for Editor in 1.04 ms, found 0 plugins.
Preloading 0 native plugins for Editor in 0.00 ms.
Unloading 1092 Unused Serialized files (Serialized files now loaded: 0)
System memory in use before: 59.4 MB.
System memory in use after: 59.5 MB.

Unloading 5 unused Assets to reduce memory usage. Loaded Objects now: 1558.
Total: 51.843900 ms (FindLiveObjects: 12.890500 ms CreateObjectMapping: 0.451100 ms MarkObjects: 37.974300 ms  DeleteObjects: 0.523700 ms)

========================================================================
Received Prepare
Registering precompiled user dll's ...
Registered in 0.004068 seconds.
Begin MonoManager ReloadAssembly
Native extension for WindowsStandalone target not found
Refreshing native plugins compatible for Editor in 0.41 ms, found 0 plugins.
Preloading 0 native plugins for Editor in 0.00 ms.
Invoked RoslynAnalysisRunner static constructor.
RoslynAnalysisRunner will not be running.
RoslynAnalysisRunner has terminated.
Mono: successfully reloaded assembly
- Completed reload, in  2.385 seconds
Platform modules already initialized, skipping
Refreshing native plugins compatible for Editor in 0.33 ms, found 0 plugins.
Preloading 0 native plugins for Editor in 0.00 ms.
Unloading 1092 Unused Serialized files (Serialized files now loaded: 0)
System memory in use before: 59.7 MB.
System memory in use after: 59.8 MB.

Unloading 5 unused Assets to reduce memory usage. Loaded Objects now: 1560.
Total: 9.928500 ms (FindLiveObjects: 0.197400 ms CreateObjectMapping: 0.063900 ms MarkObjects: 8.684800 ms  DeleteObjects: 0.979800 ms)

========================================================================
Received Import Request.
  Time since last request: 376.237831 seconds.
  path: Assets/Scripts/PlayerController.cs
  artifactKey: Guid(e95b09f83ff9718458c62b0491dec20d) Importer(815301076,1909f56bfc062723c751e8b465ee728b)
Start importing Assets/Scripts/PlayerController.cs using Guid(e95b09f83ff9718458c62b0491dec20d) Importer(815301076,1909f56bfc062723c751e8b465ee728b)  -> (artifact id: 'cc6ba3927eae1ee10b4c3351d37c2d92') in 0.040126 seconds
  Import took 0.100801 seconds .

========================================================================
Received Prepare
Registering precompiled user dll's ...
Registered in 0.002537 seconds.
Begin MonoManager ReloadAssembly
Native extension for WindowsStandalone target not found
Refreshing native plugins compatible for Editor in 3.69 ms, found 0 plugins.
Preloading 0 native plugins for Editor in 0.00 ms.
Invoked RoslynAnalysisRunner static constructor.
RoslynAnalysisRunner will not be running.
RoslynAnalysisRunner has terminated.
Mono: successfully reloaded assembly
- Completed reload, in  2.548 seconds
Platform modules already initialized, skipping
Refreshing native plugins compatible for Editor in 0.39 ms, found 0 plugins.
Preloading 0 native plugins for Editor in 0.00 ms.
Unloading 1092 Unused Serialized files (Serialized files now loaded: 0)
System memory in use before: 59.9 MB.
System memory in use after: 60.0 MB.

Unloading 5 unused Assets to reduce memory usage. Loaded Objects now: 1562.
Total: 11.526300 ms (FindLiveObjects: 0.398600 ms CreateObjectMapping: 0.134100 ms MarkObjects: 10.581700 ms  DeleteObjects: 0.408500 ms)

========================================================================
Received Prepare
Registering precompiled user dll's ...
Registered in 0.001466 seconds.
Begin MonoManager ReloadAssembly
Native extension for WindowsStandalone target not found
Refreshing native plugins compatible for Editor in 0.52 ms, found 0 plugins.
Preloading 0 native plugins for Editor in 0.00 ms.
Invoked RoslynAnalysisRunner static constructor.
RoslynAnalysisRunner will not be running.
RoslynAnalysisRunner has terminated.
Mono: successfully reloaded assembly
- Completed reload, in  1.975 seconds
Platform modules already initialized, skipping
Refreshing native plugins compatible for Editor in 0.35 ms, found 0 plugins.
Preloading 0 native plugins for Editor in 0.00 ms.
Unloading 1092 Unused Serialized files (Serialized files now loaded: 0)
System memory in use before: 59.3 MB.
System memory in use after: 59.4 MB.

Unloading 5 unused Assets to reduce memory usage. Loaded Objects now: 1564.
Total: 2.636700 ms (FindLiveObjects: 0.368400 ms CreateObjectMapping: 0.101400 ms MarkObjects: 2.053600 ms  DeleteObjects: 0.110100 ms)

========================================================================
Received Prepare
Registering precompiled user dll's ...
Registered in 0.000959 seconds.
Begin MonoManager ReloadAssembly
Native extension for WindowsStandalone target not found
Refreshing native plugins compatible for Editor in 0.33 ms, found 0 plugins.
Preloading 0 native plugins for Editor in 0.00 ms.
Invoked RoslynAnalysisRunner static constructor.
RoslynAnalysisRunner will not be running.
RoslynAnalysisRunner has terminated.
Mono: successfully reloaded assembly
- Completed reload, in  1.534 seconds
Platform modules already initialized, skipping
Refreshing native plugins compatible for Editor in 0.50 ms, found 0 plugins.
Preloading 0 native plugins for Editor in 0.00 ms.
Unloading 1092 Unused Serialized files (Serialized files now loaded: 0)
System memory in use before: 59.6 MB.
System memory in use after: 59.7 MB.

Unloading 5 unused Assets to reduce memory usage. Loaded Objects now: 1566.
Total: 2.390000 ms (FindLiveObjects: 0.175100 ms CreateObjectMapping: 0.062500 ms MarkObjects: 2.049200 ms  DeleteObjects: 0.101300 ms)

========================================================================
Received Prepare
Registering precompiled user dll's ...
Registered in 0.001562 seconds.
Begin MonoManager ReloadAssembly
Native extension for WindowsStandalone target not found
Refreshing native plugins compatible for Editor in 0.47 ms, found 0 plugins.
Preloading 0 native plugins for Editor in 0.00 ms.
Invoked RoslynAnalysisRunner static constructor.
RoslynAnalysisRunner will not be running.
RoslynAnalysisRunner has terminated.
Mono: successfully reloaded assembly
- Completed reload, in  2.721 seconds
Platform modules already initialized, skipping
Refreshing native plugins compatible for Editor in 0.43 ms, found 0 plugins.
Preloading 0 native plugins for Editor in 0.00 ms.
Unloading 1092 Unused Serialized files (Serialized files now loaded: 0)
System memory in use before: 59.9 MB.
System memory in use after: 60.0 MB.

Unloading 5 unused Assets to reduce memory usage. Loaded Objects now: 1568.
Total: 3.835600 ms (FindLiveObjects: 0.354900 ms CreateObjectMapping: 0.106000 ms MarkObjects: 3.294900 ms  DeleteObjects: 0.076200 ms)

========================================================================
Received Prepare
Registering precompiled user dll's ...
Registered in 0.000848 seconds.
Begin MonoManager ReloadAssembly
Native extension for WindowsStandalone target not found
Refreshing native plugins compatible for Editor in 0.33 ms, found 0 plugins.
Preloading 0 native plugins for Editor in 0.00 ms.
Invoked RoslynAnalysisRunner static constructor.
RoslynAnalysisRunner will not be running.
RoslynAnalysisRunner has terminated.
Mono: successfully reloaded assembly
- Completed reload, in  1.612 seconds
Platform modules already initialized, skipping
Refreshing native plugins compatible for Editor in 0.37 ms, found 0 plugins.
Preloading 0 native plugins for Editor in 0.00 ms.
Unloading 1092 Unused Serialized files (Serialized files now loaded: 0)
System memory in use before: 59.3 MB.
System memory in use after: 59.3 MB.

Unloading 5 unused Assets to reduce memory usage. Loaded Objects now: 1570.
Total: 2.686000 ms (FindLiveObjects: 0.211400 ms CreateObjectMapping: 0.055100 ms MarkObjects: 2.353300 ms  DeleteObjects: 0.063800 ms)

========================================================================
Received Prepare
Registering precompiled user dll's ...
Registered in 0.005766 seconds.
Begin MonoManager ReloadAssembly
Native extension for WindowsStandalone target not found
Refreshing native plugins compatible for Editor in 0.87 ms, found 0 plugins.
Preloading 0 native plugins for Editor in 0.00 ms.
Invoked RoslynAnalysisRunner static constructor.
RoslynAnalysisRunner will not be running.
RoslynAnalysisRunner has terminated.
Mono: successfully reloaded assembly
- Completed reload, in  2.425 seconds
Platform modules already initialized, skipping
Refreshing native plugins compatible for Editor in 0.39 ms, found 0 plugins.
Preloading 0 native plugins for Editor in 0.00 ms.
Unloading 1092 Unused Serialized files (Serialized files now loaded: 0)
System memory in use before: 59.6 MB.
System memory in use after: 59.7 MB.

Unloading 5 unused Assets to reduce memory usage. Loaded Objects now: 1572.
Total: 6.584800 ms (FindLiveObjects: 0.453900 ms CreateObjectMapping: 0.152800 ms MarkObjects: 5.661800 ms  DeleteObjects: 0.312700 ms)

========================================================================
Received Import Request.
  Time since last request: 1312.147617 seconds.
  path: Assets/Scripts/PlayerController.cs
  artifactKey: Guid(e95b09f83ff9718458c62b0491dec20d) Importer(815301076,1909f56bfc062723c751e8b465ee728b)
Start importing Assets/Scripts/PlayerController.cs using Guid(e95b09f83ff9718458c62b0491dec20d) Importer(815301076,1909f56bfc062723c751e8b465ee728b)  -> (artifact id: '1ea8cd01d2c697e6d56cf7380d2ca920') in 0.045323 seconds
  Import took 0.069344 seconds .

========================================================================
Received Import Request.
  Time since last request: 0.041547 seconds.
  path: Assets/Scripts/PlayerController.cs
  artifactKey: Guid(e95b09f83ff9718458c62b0491dec20d) Importer(815301076,1909f56bfc062723c751e8b465ee728b)
Start importing Assets/Scripts/PlayerController.cs using Guid(e95b09f83ff9718458c62b0491dec20d) Importer(815301076,1909f56bfc062723c751e8b465ee728b)  -> (artifact id: '1ea8cd01d2c697e6d56cf7380d2ca920') in 0.082716 seconds
  Import took 0.096257 seconds .

========================================================================
Received Prepare
Registering precompiled user dll's ...
Registered in 0.001442 seconds.
Begin MonoManager ReloadAssembly
Native extension for WindowsStandalone target not found
Refreshing native plugins compatible for Editor in 0.60 ms, found 0 plugins.
Preloading 0 native plugins for Editor in 0.00 ms.
Invoked RoslynAnalysisRunner static constructor.
RoslynAnalysisRunner will not be running.
RoslynAnalysisRunner has terminated.
Mono: successfully reloaded assembly
- Completed reload, in  2.681 seconds
Platform modules already initialized, skipping
Refreshing native plugins compatible for Editor in 0.60 ms, found 0 plugins.
Preloading 0 native plugins for Editor in 0.00 ms.
Unloading 1093 Unused Serialized files (Serialized files now loaded: 0)
System memory in use before: 59.9 MB.
System memory in use after: 60.0 MB.

Unloading 5 unused Assets to reduce memory usage. Loaded Objects now: 1575.
Total: 4.519300 ms (FindLiveObjects: 0.299300 ms CreateObjectMapping: 0.106300 ms MarkObjects: 4.013000 ms  DeleteObjects: 0.097700 ms)

========================================================================
Received Prepare
Registering precompiled user dll's ...
Registered in 0.120399 seconds.
Begin MonoManager ReloadAssembly
Native extension for WindowsStandalone target not found
Refreshing native plugins compatible for Editor in 0.62 ms, found 0 plugins.
Preloading 0 native plugins for Editor in 0.00 ms.
Invoked RoslynAnalysisRunner static constructor.
RoslynAnalysisRunner will not be running.
RoslynAnalysisRunner has terminated.
Mono: successfully reloaded assembly
- Completed reload, in  4.356 seconds
Platform modules already initialized, skipping
Refreshing native plugins compatible for Editor in 1.03 ms, found 0 plugins.
Preloading 0 native plugins for Editor in 0.00 ms.
Unloading 1093 Unused Serialized files (Serialized files now loaded: 0)
System memory in use before: 60.0 MB.
System memory in use after: 60.0 MB.

Unloading 5 unused Assets to reduce memory usage. Loaded Objects now: 1577.
Total: 12.727900 ms (FindLiveObjects: 2.059400 ms CreateObjectMapping: 0.204600 ms MarkObjects: 10.209300 ms  DeleteObjects: 0.250300 ms)

========================================================================
Received Prepare
Registering precompiled user dll's ...
Registered in 0.001235 seconds.
Begin MonoManager ReloadAssembly
Native extension for WindowsStandalone target not found
Refreshing native plugins compatible for Editor in 0.35 ms, found 0 plugins.
Preloading 0 native plugins for Editor in 0.00 ms.
Invoked RoslynAnalysisRunner static constructor.
RoslynAnalysisRunner will not be running.
RoslynAnalysisRunner has terminated.
Mono: successfully reloaded assembly
- Completed reload, in  1.518 seconds
Platform modules already initialized, skipping
Refreshing native plugins compatible for Editor in 0.34 ms, found 0 plugins.
Preloading 0 native plugins for Editor in 0.00 ms.
Unloading 1093 Unused Serialized files (Serialized files now loaded: 0)
System memory in use before: 59.5 MB.
System memory in use after: 59.6 MB.

Unloading 5 unused Assets to reduce memory usage. Loaded Objects now: 1579.
Total: 11.710300 ms (FindLiveObjects: 0.331600 ms CreateObjectMapping: 0.122900 ms MarkObjects: 11.163100 ms  DeleteObjects: 0.089200 ms)

========================================================================
Received Prepare
Registering precompiled user dll's ...
Registered in 0.001158 seconds.
Begin MonoManager ReloadAssembly
Native extension for WindowsStandalone target not found
Refreshing native plugins compatible for Editor in 0.41 ms, found 0 plugins.
Preloading 0 native plugins for Editor in 0.00 ms.
Invoked RoslynAnalysisRunner static constructor.
RoslynAnalysisRunner will not be running.
RoslynAnalysisRunner has terminated.
Mono: successfully reloaded assembly
- Completed reload, in  1.516 seconds
Platform modules already initialized, skipping
Refreshing native plugins compatible for Editor in 0.32 ms, found 0 plugins.
Preloading 0 native plugins for Editor in 0.00 ms.
Unloading 1093 Unused Serialized files (Serialized files now loaded: 0)
System memory in use before: 59.9 MB.
System memory in use after: 59.9 MB.

Unloading 5 unused Assets to reduce memory usage. Loaded Objects now: 1581.
Total: 2.633100 ms (FindLiveObjects: 0.263900 ms CreateObjectMapping: 0.079100 ms MarkObjects: 2.213100 ms  DeleteObjects: 0.074400 ms)

========================================================================
Received Prepare
Registering precompiled user dll's ...
Registered in 0.001386 seconds.
Begin MonoManager ReloadAssembly
Native extension for WindowsStandalone target not found
Refreshing native plugins compatible for Editor in 0.40 ms, found 0 plugins.
Preloading 0 native plugins for Editor in 0.00 ms.
Invoked RoslynAnalysisRunner static constructor.
RoslynAnalysisRunner will not be running.
RoslynAnalysisRunner has terminated.
Mono: successfully reloaded assembly
- Completed reload, in  1.551 seconds
Platform modules already initialized, skipping
Refreshing native plugins compatible for Editor in 0.61 ms, found 0 plugins.
Preloading 0 native plugins for Editor in 0.00 ms.
Unloading 1093 Unused Serialized files (Serialized files now loaded: 0)
System memory in use before: 60.0 MB.
System memory in use after: 60.1 MB.

Unloading 5 unused Assets to reduce memory usage. Loaded Objects now: 1583.
Total: 5.595900 ms (FindLiveObjects: 0.930200 ms CreateObjectMapping: 0.189800 ms MarkObjects: 4.393500 ms  DeleteObjects: 0.079700 ms)

========================================================================
Received Prepare
Registering precompiled user dll's ...
Registered in 0.001239 seconds.
Begin MonoManager ReloadAssembly
Native extension for WindowsStandalone target not found
Refreshing native plugins compatible for Editor in 0.61 ms, found 0 plugins.
Preloading 0 native plugins for Editor in 0.00 ms.
Invoked RoslynAnalysisRunner static constructor.
RoslynAnalysisRunner will not be running.
RoslynAnalysisRunner has terminated.
Mono: successfully reloaded assembly
- Completed reload, in  4.907 seconds
Platform modules already initialized, skipping
Refreshing native plugins compatible for Editor in 1.03 ms, found 0 plugins.
Preloading 0 native plugins for Editor in 0.00 ms.
Unloading 1093 Unused Serialized files (Serialized files now loaded: 0)
System memory in use before: 59.5 MB.
System memory in use after: 59.6 MB.

Unloading 5 unused Assets to reduce memory usage. Loaded Objects now: 1585.
Total: 8.681200 ms (FindLiveObjects: 2.326200 ms CreateObjectMapping: 0.620300 ms MarkObjects: 5.618300 ms  DeleteObjects: 0.112500 ms)

========================================================================
Received Prepare
Registering precompiled user dll's ...
Registered in 0.000952 seconds.
Begin MonoManager ReloadAssembly
Native extension for WindowsStandalone target not found
Refreshing native plugins compatible for Editor in 0.44 ms, found 0 plugins.
Preloading 0 native plugins for Editor in 0.00 ms.
Invoked RoslynAnalysisRunner static constructor.
RoslynAnalysisRunner will not be running.
RoslynAnalysisRunner has terminated.
Mono: successfully reloaded assembly
- Completed reload, in  1.920 seconds
Platform modules already initialized, skipping
Refreshing native plugins compatible for Editor in 0.32 ms, found 0 plugins.
Preloading 0 native plugins for Editor in 0.00 ms.
Unloading 1093 Unused Serialized files (Serialized files now loaded: 0)
System memory in use before: 59.8 MB.
System memory in use after: 59.9 MB.

Unloading 5 unused Assets to reduce memory usage. Loaded Objects now: 1587.
Total: 2.508100 ms (FindLiveObjects: 0.201600 ms CreateObjectMapping: 0.059200 ms MarkObjects: 2.176800 ms  DeleteObjects: 0.068400 ms)

========================================================================
Received Import Request.
  Time since last request: 918.066221 seconds.
  path: Assets/Scripts/LivingCreature.cs
  artifactKey: Guid(2280fcacd70c8b641ba5ebed2385ac44) Importer(815301076,1909f56bfc062723c751e8b465ee728b)
Start importing Assets/Scripts/LivingCreature.cs using Guid(2280fcacd70c8b641ba5ebed2385ac44) Importer(815301076,1909f56bfc062723c751e8b465ee728b)  -> (artifact id: 'b852b384f8959e0363a040cf060703fe') in 0.463608 seconds
  Import took 0.573066 seconds .

========================================================================
Received Prepare
Registering precompiled user dll's ...
Registered in 0.001542 seconds.
Begin MonoManager ReloadAssembly
Native extension for WindowsStandalone target not found
Refreshing native plugins compatible for Editor in 0.36 ms, found 0 plugins.
Preloading 0 native plugins for Editor in 0.00 ms.
Invoked RoslynAnalysisRunner static constructor.
RoslynAnalysisRunner will not be running.
RoslynAnalysisRunner has terminated.
Mono: successfully reloaded assembly
- Completed reload, in  2.701 seconds
Platform modules already initialized, skipping
Refreshing native plugins compatible for Editor in 0.39 ms, found 0 plugins.
Preloading 0 native plugins for Editor in 0.00 ms.
Unloading 1094 Unused Serialized files (Serialized files now loaded: 0)
System memory in use before: 60.0 MB.
System memory in use after: 60.1 MB.

Unloading 5 unused Assets to reduce memory usage. Loaded Objects now: 1590.
Total: 5.567200 ms (FindLiveObjects: 0.352600 ms CreateObjectMapping: 0.236500 ms MarkObjects: 4.878700 ms  DeleteObjects: 0.095900 ms)

========================================================================
Received Prepare
Registering precompiled user dll's ...
Registered in 0.002081 seconds.
Begin MonoManager ReloadAssembly
Native extension for WindowsStandalone target not found
Refreshing native plugins compatible for Editor in 0.42 ms, found 0 plugins.
Preloading 0 native plugins for Editor in 0.00 ms.
Invoked RoslynAnalysisRunner static constructor.
RoslynAnalysisRunner will not be running.
RoslynAnalysisRunner has terminated.
Mono: successfully reloaded assembly
- Completed reload, in  1.936 seconds
Platform modules already initialized, skipping
Refreshing native plugins compatible for Editor in 0.37 ms, found 0 plugins.
Preloading 0 native plugins for Editor in 0.00 ms.
Unloading 1094 Unused Serialized files (Serialized files now loaded: 0)
System memory in use before: 59.5 MB.
System memory in use after: 59.6 MB.

Unloading 5 unused Assets to reduce memory usage. Loaded Objects now: 1592.
Total: 8.145900 ms (FindLiveObjects: 0.321800 ms CreateObjectMapping: 0.103600 ms MarkObjects: 7.315700 ms  DeleteObjects: 0.401200 ms)

========================================================================
Received Import Request.
  Time since last request: 359.664347 seconds.
  path: Assets/Scripts/LivingCreature.cs
  artifactKey: Guid(2280fcacd70c8b641ba5ebed2385ac44) Importer(815301076,1909f56bfc062723c751e8b465ee728b)
Start importing Assets/Scripts/LivingCreature.cs using Guid(2280fcacd70c8b641ba5ebed2385ac44) Importer(815301076,1909f56bfc062723c751e8b465ee728b)  -> (artifact id: '40c08ed701207e2bbf4ed42566d5c396') in 0.021074 seconds
  Import took 0.024301 seconds .

========================================================================
Received Import Request.
  Time since last request: 4.375451 seconds.
  path: Assets/Scripts/LivingCreatureActionController.cs
  artifactKey: Guid(0fdd0ecd209573a479742382e136d0e3) Importer(815301076,1909f56bfc062723c751e8b465ee728b)
Start importing Assets/Scripts/LivingCreatureActionController.cs using Guid(0fdd0ecd209573a479742382e136d0e3) Importer(815301076,1909f56bfc062723c751e8b465ee728b)  -> (artifact id: 'f9327ae8b7089eb300f102f6fdfcbb3e') in 0.020036 seconds
  Import took 0.025066 seconds .

========================================================================
Received Import Request.
  Time since last request: 0.002562 seconds.
  path: Assets/Scripts/LivingCreatureActionController.cs
  artifactKey: Guid(0fdd0ecd209573a479742382e136d0e3) Importer(815301076,1909f56bfc062723c751e8b465ee728b)
Start importing Assets/Scripts/LivingCreatureActionController.cs using Guid(0fdd0ecd209573a479742382e136d0e3) Importer(815301076,1909f56bfc062723c751e8b465ee728b)  -> (artifact id: 'f9327ae8b7089eb300f102f6fdfcbb3e') in 0.024681 seconds
  Import took 0.030830 seconds .

========================================================================
Received Import Request.
  Time since last request: 5447.156556 seconds.
  path: Assets/Scripts/LivingCreature.cs
  artifactKey: Guid(2280fcacd70c8b641ba5ebed2385ac44) Importer(815301076,1909f56bfc062723c751e8b465ee728b)
Start importing Assets/Scripts/LivingCreature.cs using Guid(2280fcacd70c8b641ba5ebed2385ac44) Importer(815301076,1909f56bfc062723c751e8b465ee728b)  -> (artifact id: '4053e8e9775b40eac6e989bd1d5a7e25') in 0.070694 seconds
  Import took 0.343396 seconds .

========================================================================
Received Prepare
Registering precompiled user dll's ...
Registered in 0.002890 seconds.
Begin MonoManager ReloadAssembly
Native extension for WindowsStandalone target not found
Refreshing native plugins compatible for Editor in 0.47 ms, found 0 plugins.
Preloading 0 native plugins for Editor in 0.00 ms.
Invoked RoslynAnalysisRunner static constructor.
RoslynAnalysisRunner will not be running.
RoslynAnalysisRunner has terminated.
Mono: successfully reloaded assembly
- Completed reload, in  2.186 seconds
Platform modules already initialized, skipping
Refreshing native plugins compatible for Editor in 0.46 ms, found 0 plugins.
Preloading 0 native plugins for Editor in 0.00 ms.
Unloading 1095 Unused Serialized files (Serialized files now loaded: 0)
System memory in use before: 59.8 MB.
System memory in use after: 59.9 MB.

Unloading 5 unused Assets to reduce memory usage. Loaded Objects now: 1595.
Total: 18.128200 ms (FindLiveObjects: 1.391600 ms CreateObjectMapping: 0.219600 ms MarkObjects: 16.106600 ms  DeleteObjects: 0.406300 ms)

========================================================================
Received Prepare
Registering precompiled user dll's ...
Registered in 0.001130 seconds.
Begin MonoManager ReloadAssembly
Native extension for WindowsStandalone target not found
Refreshing native plugins compatible for Editor in 0.33 ms, found 0 plugins.
Preloading 0 native plugins for Editor in 0.00 ms.
Invoked RoslynAnalysisRunner static constructor.
RoslynAnalysisRunner will not be running.
RoslynAnalysisRunner has terminated.
Mono: successfully reloaded assembly
- Completed reload, in  2.733 seconds
Platform modules already initialized, skipping
Refreshing native plugins compatible for Editor in 0.32 ms, found 0 plugins.
Preloading 0 native plugins for Editor in 0.00 ms.
Unloading 1092 Unused Serialized files (Serialized files now loaded: 0)
System memory in use before: 60.0 MB.
System memory in use after: 60.1 MB.

Unloading 8 unused Assets to reduce memory usage. Loaded Objects now: 1594.
Total: 2.764900 ms (FindLiveObjects: 0.189300 ms CreateObjectMapping: 0.057500 ms MarkObjects: 2.446300 ms  DeleteObjects: 0.069400 ms)

========================================================================
Received Prepare
Registering precompiled user dll's ...
Registered in 0.002745 seconds.
Begin MonoManager ReloadAssembly
Native extension for WindowsStandalone target not found
Refreshing native plugins compatible for Editor in 0.33 ms, found 0 plugins.
Preloading 0 native plugins for Editor in 0.00 ms.
Invoked RoslynAnalysisRunner static constructor.
RoslynAnalysisRunner will not be running.
RoslynAnalysisRunner has terminated.
Mono: successfully reloaded assembly
- Completed reload, in  2.404 seconds
Platform modules already initialized, skipping
Refreshing native plugins compatible for Editor in 0.35 ms, found 0 plugins.
Preloading 0 native plugins for Editor in 0.00 ms.
Unloading 1105 Unused Serialized files (Serialized files now loaded: 0)
System memory in use before: 59.7 MB.
System memory in use after: 59.7 MB.

Unloading 5 unused Assets to reduce memory usage. Loaded Objects now: 1609.
Total: 6.626800 ms (FindLiveObjects: 1.420900 ms CreateObjectMapping: 0.147100 ms MarkObjects: 4.463000 ms  DeleteObjects: 0.593400 ms)

========================================================================
Received Import Request.
  Time since last request: 171.973626 seconds.
  path: Assets/Scripts/NPCInteractable.cs
  artifactKey: Guid(9c3e6e5e654527c498c8ca20e068619f) Importer(815301076,1909f56bfc062723c751e8b465ee728b)
Start importing Assets/Scripts/NPCInteractable.cs using Guid(9c3e6e5e654527c498c8ca20e068619f) Importer(815301076,1909f56bfc062723c751e8b465ee728b)  -> (artifact id: '40fce41238c60cbce60a28f3c5a3ec05') in 0.080871 seconds
  Import took 0.091099 seconds .

========================================================================
Received Prepare
Registering precompiled user dll's ...
Registered in 0.001236 seconds.
Begin MonoManager ReloadAssembly
Native extension for WindowsStandalone target not found
Refreshing native plugins compatible for Editor in 0.36 ms, found 0 plugins.
Preloading 0 native plugins for Editor in 0.00 ms.
Invoked RoslynAnalysisRunner static constructor.
RoslynAnalysisRunner will not be running.
RoslynAnalysisRunner has terminated.
Mono: successfully reloaded assembly
- Completed reload, in  1.534 seconds
Platform modules already initialized, skipping
Refreshing native plugins compatible for Editor in 0.34 ms, found 0 plugins.
Preloading 0 native plugins for Editor in 0.00 ms.
Unloading 1105 Unused Serialized files (Serialized files now loaded: 0)
System memory in use before: 60.0 MB.
System memory in use after: 60.1 MB.

Unloading 5 unused Assets to reduce memory usage. Loaded Objects now: 1611.
Total: 2.443000 ms (FindLiveObjects: 0.192500 ms CreateObjectMapping: 0.055500 ms MarkObjects: 2.122700 ms  DeleteObjects: 0.069900 ms)

========================================================================
Received Prepare
Registering precompiled user dll's ...
Registered in 0.001234 seconds.
Begin MonoManager ReloadAssembly
Native extension for WindowsStandalone target not found
Refreshing native plugins compatible for Editor in 0.33 ms, found 0 plugins.
Preloading 0 native plugins for Editor in 0.00 ms.
Invoked RoslynAnalysisRunner static constructor.
RoslynAnalysisRunner will not be running.
RoslynAnalysisRunner has terminated.
Mono: successfully reloaded assembly
- Completed reload, in  1.428 seconds
Platform modules already initialized, skipping
Refreshing native plugins compatible for Editor in 0.34 ms, found 0 plugins.
Preloading 0 native plugins for Editor in 0.00 ms.
Unloading 1105 Unused Serialized files (Serialized files now loaded: 0)
System memory in use before: 60.3 MB.
System memory in use after: 60.4 MB.

Unloading 5 unused Assets to reduce memory usage. Loaded Objects now: 1613.
Total: 2.845000 ms (FindLiveObjects: 0.301000 ms CreateObjectMapping: 0.103000 ms MarkObjects: 2.359700 ms  DeleteObjects: 0.078900 ms)

========================================================================
Received Prepare
Registering precompiled user dll's ...
Registered in 0.001121 seconds.
Begin MonoManager ReloadAssembly
Native extension for WindowsStandalone target not found
Refreshing native plugins compatible for Editor in 0.51 ms, found 0 plugins.
Preloading 0 native plugins for Editor in 0.00 ms.
Invoked RoslynAnalysisRunner static constructor.
RoslynAnalysisRunner will not be running.
RoslynAnalysisRunner has terminated.
Mono: successfully reloaded assembly
- Completed reload, in  1.492 seconds
Platform modules already initialized, skipping
Refreshing native plugins compatible for Editor in 0.38 ms, found 0 plugins.
Preloading 0 native plugins for Editor in 0.00 ms.
Unloading 1105 Unused Serialized files (Serialized files now loaded: 0)
System memory in use before: 60.3 MB.
System memory in use after: 60.4 MB.

Unloading 5 unused Assets to reduce memory usage. Loaded Objects now: 1615.
Total: 2.459200 ms (FindLiveObjects: 0.206100 ms CreateObjectMapping: 0.073700 ms MarkObjects: 2.114400 ms  DeleteObjects: 0.063500 ms)

========================================================================
Received Import Request.
  Time since last request: 372.146265 seconds.
  path: Assets/Scripts/EnemyInteraction.cs
  artifactKey: Guid(d7f34a35014ef8f47873ccb64903e393) Importer(815301076,1909f56bfc062723c751e8b465ee728b)
Start importing Assets/Scripts/EnemyInteraction.cs using Guid(d7f34a35014ef8f47873ccb64903e393) Importer(815301076,1909f56bfc062723c751e8b465ee728b)  -> (artifact id: '0b776375f10dfcd457499b2daf7d5beb') in 0.048051 seconds
  Import took 0.053145 seconds .

========================================================================
Received Prepare
Registering precompiled user dll's ...
Registered in 0.001072 seconds.
Begin MonoManager ReloadAssembly
Native extension for WindowsStandalone target not found
Refreshing native plugins compatible for Editor in 0.38 ms, found 0 plugins.
Preloading 0 native plugins for Editor in 0.00 ms.
Invoked RoslynAnalysisRunner static constructor.
RoslynAnalysisRunner will not be running.
RoslynAnalysisRunner has terminated.
Mono: successfully reloaded assembly
- Completed reload, in  1.688 seconds
Platform modules already initialized, skipping
Refreshing native plugins compatible for Editor in 0.46 ms, found 0 plugins.
Preloading 0 native plugins for Editor in 0.00 ms.
Unloading 1105 Unused Serialized files (Serialized files now loaded: 0)
System memory in use before: 59.9 MB.
System memory in use after: 60.0 MB.

Unloading 5 unused Assets to reduce memory usage. Loaded Objects now: 1617.
Total: 2.790700 ms (FindLiveObjects: 0.239300 ms CreateObjectMapping: 0.064300 ms MarkObjects: 2.386300 ms  DeleteObjects: 0.098000 ms)

========================================================================
Received Import Request.
  Time since last request: 90.066785 seconds.
  path: Assets/Scripts/EnemyInteraction.cs
  artifactKey: Guid(d7f34a35014ef8f47873ccb64903e393) Importer(815301076,1909f56bfc062723c751e8b465ee728b)
Start importing Assets/Scripts/EnemyInteraction.cs using Guid(d7f34a35014ef8f47873ccb64903e393) Importer(815301076,1909f56bfc062723c751e8b465ee728b)  -> (artifact id: '7c7330d188841d8c782185b926bc73b2') in 0.011028 seconds
  Import took 0.014592 seconds .

========================================================================
Received Import Request.
  Time since last request: 13.779535 seconds.
  path: Assets/Scripts/IInteractable.cs
  artifactKey: Guid(774b477ab3ef67f4eb4817ac9d59c6be) Importer(815301076,1909f56bfc062723c751e8b465ee728b)
Start importing Assets/Scripts/IInteractable.cs using Guid(774b477ab3ef67f4eb4817ac9d59c6be) Importer(815301076,1909f56bfc062723c751e8b465ee728b)  -> (artifact id: 'cdd2bd2f70e123c75740ce0cb7b640b4') in 0.039894 seconds
  Import took 0.047410 seconds .

========================================================================
Received Import Request.
  Time since last request: 0.082605 seconds.
  path: Assets/Scripts/IInteractable.cs
  artifactKey: Guid(774b477ab3ef67f4eb4817ac9d59c6be) Importer(815301076,1909f56bfc062723c751e8b465ee728b)
Start importing Assets/Scripts/IInteractable.cs using Guid(774b477ab3ef67f4eb4817ac9d59c6be) Importer(815301076,1909f56bfc062723c751e8b465ee728b)  -> (artifact id: 'cdd2bd2f70e123c75740ce0cb7b640b4') in 0.015327 seconds
  Import took 0.020058 seconds .

========================================================================
Received Import Request.
  Time since last request: 8.525796 seconds.
  path: Assets/Scripts/Interaction
  artifactKey: Guid(41a4adb97c80f524d9cad97874562147) Importer(815301076,1909f56bfc062723c751e8b465ee728b)
Start importing Assets/Scripts/Interaction using Guid(41a4adb97c80f524d9cad97874562147) Importer(815301076,1909f56bfc062723c751e8b465ee728b)  -> (artifact id: '3089af529408bfc5ec2104a34ddbed11') in 0.032301 seconds
  Import took 0.037006 seconds .

========================================================================
Received Prepare
Registering precompiled user dll's ...
Registered in 0.000843 seconds.
Begin MonoManager ReloadAssembly
Native extension for WindowsStandalone target not found
Refreshing native plugins compatible for Editor in 0.33 ms, found 0 plugins.
Preloading 0 native plugins for Editor in 0.00 ms.
Invoked RoslynAnalysisRunner static constructor.
RoslynAnalysisRunner will not be running.
RoslynAnalysisRunner has terminated.
Mono: successfully reloaded assembly
- Completed reload, in  1.756 seconds
Platform modules already initialized, skipping
Refreshing native plugins compatible for Editor in 0.97 ms, found 0 plugins.
Preloading 0 native plugins for Editor in 0.00 ms.
Unloading 1105 Unused Serialized files (Serialized files now loaded: 0)
System memory in use before: 60.2 MB.
System memory in use after: 60.3 MB.

Unloading 5 unused Assets to reduce memory usage. Loaded Objects now: 1619.
Total: 2.452400 ms (FindLiveObjects: 0.226900 ms CreateObjectMapping: 0.055400 ms MarkObjects: 2.090000 ms  DeleteObjects: 0.067300 ms)

========================================================================
Received Import Request.
  Time since last request: 12.056005 seconds.
  path: Assets/Scripts/Interactable.cs
  artifactKey: Guid(b4c157ac01b4d314b8b1dcc0ea167735) Importer(815301076,1909f56bfc062723c751e8b465ee728b)
Start importing Assets/Scripts/Interactable.cs using Guid(b4c157ac01b4d314b8b1dcc0ea167735) Importer(815301076,1909f56bfc062723c751e8b465ee728b)  -> (artifact id: '09cf84c68fc1cf086769a2921165cb1a') in 0.015476 seconds
  Import took 0.018507 seconds .

========================================================================
Received Import Request.
  Time since last request: 0.000325 seconds.
  path: Assets/Scripts/ItemInteractable.cs
  artifactKey: Guid(7e4e23d812ebf5e42ab3c5bc201b4cf6) Importer(815301076,1909f56bfc062723c751e8b465ee728b)
Start importing Assets/Scripts/ItemInteractable.cs using Guid(7e4e23d812ebf5e42ab3c5bc201b4cf6) Importer(815301076,1909f56bfc062723c751e8b465ee728b)  -> (artifact id: '0f25a1e42b9cf5092c79e258b4ed9266') in 0.015957 seconds
  Import took 0.020456 seconds .

========================================================================
Received Prepare
Registering precompiled user dll's ...
Registered in 0.000953 seconds.
Begin MonoManager ReloadAssembly
Native extension for WindowsStandalone target not found
Refreshing native plugins compatible for Editor in 0.34 ms, found 0 plugins.
Preloading 0 native plugins for Editor in 0.00 ms.
Invoked RoslynAnalysisRunner static constructor.
RoslynAnalysisRunner will not be running.
RoslynAnalysisRunner has terminated.
Mono: successfully reloaded assembly
- Completed reload, in  1.605 seconds
Platform modules already initialized, skipping
Refreshing native plugins compatible for Editor in 0.38 ms, found 0 plugins.
Preloading 0 native plugins for Editor in 0.00 ms.
Unloading 1105 Unused Serialized files (Serialized files now loaded: 0)
System memory in use before: 60.3 MB.
System memory in use after: 60.4 MB.

Unloading 5 unused Assets to reduce memory usage. Loaded Objects now: 1621.
Total: 3.435100 ms (FindLiveObjects: 0.370300 ms CreateObjectMapping: 0.158500 ms MarkObjects: 2.832800 ms  DeleteObjects: 0.071000 ms)

========================================================================
Received Prepare
Registering precompiled user dll's ...
Registered in 0.001242 seconds.
Begin MonoManager ReloadAssembly
Native extension for WindowsStandalone target not found
Refreshing native plugins compatible for Editor in 0.32 ms, found 0 plugins.
Preloading 0 native plugins for Editor in 0.00 ms.
Invoked RoslynAnalysisRunner static constructor.
RoslynAnalysisRunner will not be running.
RoslynAnalysisRunner has terminated.
Mono: successfully reloaded assembly
- Completed reload, in  1.581 seconds
Platform modules already initialized, skipping
Refreshing native plugins compatible for Editor in 0.35 ms, found 0 plugins.
Preloading 0 native plugins for Editor in 0.00 ms.
Unloading 1105 Unused Serialized files (Serialized files now loaded: 0)
System memory in use before: 59.9 MB.
System memory in use after: 60.0 MB.

Unloading 5 unused Assets to reduce memory usage. Loaded Objects now: 1623.
Total: 3.070400 ms (FindLiveObjects: 0.314400 ms CreateObjectMapping: 0.120300 ms MarkObjects: 2.565100 ms  DeleteObjects: 0.068700 ms)

========================================================================
Received Import Request.
  Time since last request: 29.374878 seconds.
  path: Assets/Scripts/Creature
  artifactKey: Guid(569a2268d65f56043a8847d3f02c88a1) Importer(815301076,1909f56bfc062723c751e8b465ee728b)
Start importing Assets/Scripts/Creature using Guid(569a2268d65f56043a8847d3f02c88a1) Importer(815301076,1909f56bfc062723c751e8b465ee728b)  -> (artifact id: 'd3a2d73fa96c5e242769d3bc09a26c58') in 0.026505 seconds
  Import took 0.032160 seconds .

========================================================================
Received Import Request.
  Time since last request: 17.586610 seconds.
  path: Assets/Scripts/LivingCreature.cs
  artifactKey: Guid(3e2f9d98c30ec5e4693d3c40d8d5d130) Importer(815301076,1909f56bfc062723c751e8b465ee728b)
Start importing Assets/Scripts/LivingCreature.cs using Guid(3e2f9d98c30ec5e4693d3c40d8d5d130) Importer(815301076,1909f56bfc062723c751e8b465ee728b)  -> (artifact id: '9ddfb0978faa11f4ebeb7f184e9bb844') in 0.046665 seconds
  Import took 0.051181 seconds .

========================================================================
Received Prepare
Registering precompiled user dll's ...
Registered in 0.001325 seconds.
Begin MonoManager ReloadAssembly
Native extension for WindowsStandalone target not found
Refreshing native plugins compatible for Editor in 0.32 ms, found 0 plugins.
Preloading 0 native plugins for Editor in 0.00 ms.
Invoked RoslynAnalysisRunner static constructor.
RoslynAnalysisRunner will not be running.
RoslynAnalysisRunner has terminated.
Mono: successfully reloaded assembly
- Completed reload, in  1.801 seconds
Platform modules already initialized, skipping
Refreshing native plugins compatible for Editor in 0.63 ms, found 0 plugins.
Preloading 0 native plugins for Editor in 0.00 ms.
Unloading 1105 Unused Serialized files (Serialized files now loaded: 0)
System memory in use before: 60.2 MB.
System memory in use after: 60.3 MB.

Unloading 5 unused Assets to reduce memory usage. Loaded Objects now: 1625.
Total: 4.957500 ms (FindLiveObjects: 0.482800 ms CreateObjectMapping: 0.119600 ms MarkObjects: 4.265300 ms  DeleteObjects: 0.086600 ms)

========================================================================
Received Import Request.
  Time since last request: 11.593733 seconds.
  path: Assets/Scripts/NPCCreature.cs
  artifactKey: Guid(98ddf780276a7f1439cdfdf36711e4fc) Importer(815301076,1909f56bfc062723c751e8b465ee728b)
Start importing Assets/Scripts/NPCCreature.cs using Guid(98ddf780276a7f1439cdfdf36711e4fc) Importer(815301076,1909f56bfc062723c751e8b465ee728b)  -> (artifact id: '44874301bd659da02224bc9603289eaf') in 0.052198 seconds
  Import took 0.059910 seconds .

========================================================================
Received Prepare
Registering precompiled user dll's ...
Registered in 0.001230 seconds.
Begin MonoManager ReloadAssembly
Native extension for WindowsStandalone target not found
Refreshing native plugins compatible for Editor in 0.34 ms, found 0 plugins.
Preloading 0 native plugins for Editor in 0.00 ms.
Invoked RoslynAnalysisRunner static constructor.
RoslynAnalysisRunner will not be running.
RoslynAnalysisRunner has terminated.
Mono: successfully reloaded assembly
- Completed reload, in  1.633 seconds
Platform modules already initialized, skipping
Refreshing native plugins compatible for Editor in 0.34 ms, found 0 plugins.
Preloading 0 native plugins for Editor in 0.00 ms.
Unloading 1105 Unused Serialized files (Serialized files now loaded: 0)
System memory in use before: 60.3 MB.
System memory in use after: 60.4 MB.

Unloading 5 unused Assets to reduce memory usage. Loaded Objects now: 1627.
Total: 2.553800 ms (FindLiveObjects: 0.308700 ms CreateObjectMapping: 0.108200 ms MarkObjects: 2.067300 ms  DeleteObjects: 0.067000 ms)

========================================================================
Received Import Request.
  Time since last request: 7.179319 seconds.
  path: Assets/Scripts/PCInputController.cs
  artifactKey: Guid(5ead15192123a134d9738529264b94a6) Importer(815301076,1909f56bfc062723c751e8b465ee728b)
Start importing Assets/Scripts/PCInputController.cs using Guid(5ead15192123a134d9738529264b94a6) Importer(815301076,1909f56bfc062723c751e8b465ee728b)  -> (artifact id: '1deffae283da5a1a734b75499e794871') in 0.068437 seconds
  Import took 0.075218 seconds .

========================================================================
Received Prepare
Registering precompiled user dll's ...
Registered in 0.000849 seconds.
Begin MonoManager ReloadAssembly
Native extension for WindowsStandalone target not found
Refreshing native plugins compatible for Editor in 0.41 ms, found 0 plugins.
Preloading 0 native plugins for Editor in 0.00 ms.
Invoked RoslynAnalysisRunner static constructor.
RoslynAnalysisRunner will not be running.
RoslynAnalysisRunner has terminated.
Mono: successfully reloaded assembly
- Completed reload, in  1.732 seconds
Platform modules already initialized, skipping
Refreshing native plugins compatible for Editor in 0.32 ms, found 0 plugins.
Preloading 0 native plugins for Editor in 0.00 ms.
Unloading 1105 Unused Serialized files (Serialized files now loaded: 0)
System memory in use before: 59.8 MB.
System memory in use after: 59.9 MB.

Unloading 5 unused Assets to reduce memory usage. Loaded Objects now: 1629.
Total: 4.101200 ms (FindLiveObjects: 0.361000 ms CreateObjectMapping: 0.100200 ms MarkObjects: 3.568900 ms  DeleteObjects: 0.068700 ms)

========================================================================
Received Prepare
Registering precompiled user dll's ...
Registered in 0.001282 seconds.
Begin MonoManager ReloadAssembly
Native extension for WindowsStandalone target not found
Refreshing native plugins compatible for Editor in 0.33 ms, found 0 plugins.
Preloading 0 native plugins for Editor in 0.00 ms.
Invoked RoslynAnalysisRunner static constructor.
RoslynAnalysisRunner will not be running.
RoslynAnalysisRunner has terminated.
Mono: successfully reloaded assembly
- Completed reload, in  1.951 seconds
Platform modules already initialized, skipping
Refreshing native plugins compatible for Editor in 0.42 ms, found 0 plugins.
Preloading 0 native plugins for Editor in 0.00 ms.
Unloading 1105 Unused Serialized files (Serialized files now loaded: 0)
System memory in use before: 60.1 MB.
System memory in use after: 60.2 MB.

Unloading 5 unused Assets to reduce memory usage. Loaded Objects now: 1631.
Total: 3.165300 ms (FindLiveObjects: 0.344000 ms CreateObjectMapping: 0.114400 ms MarkObjects: 2.635800 ms  DeleteObjects: 0.068700 ms)

========================================================================
Received Import Request.
  Time since last request: 21.425986 seconds.
  path: Assets/Scripts/Creature/Player
  artifactKey: Guid(36b5da7a2aa119c4fa1023f125f71db8) Importer(815301076,1909f56bfc062723c751e8b465ee728b)
Start importing Assets/Scripts/Creature/Player using Guid(36b5da7a2aa119c4fa1023f125f71db8) Importer(815301076,1909f56bfc062723c751e8b465ee728b)  -> (artifact id: '79a7b4c298ecf85f3e43fca909192298') in 0.029887 seconds
  Import took 0.033855 seconds .

========================================================================
Received Import Request.
  Time since last request: 0.025148 seconds.
  path: Assets/Scripts/Creature/Player
  artifactKey: Guid(36b5da7a2aa119c4fa1023f125f71db8) Importer(815301076,1909f56bfc062723c751e8b465ee728b)
Start importing Assets/Scripts/Creature/Player using Guid(36b5da7a2aa119c4fa1023f125f71db8) Importer(815301076,1909f56bfc062723c751e8b465ee728b)  -> (artifact id: '79a7b4c298ecf85f3e43fca909192298') in 0.017206 seconds
  Import took 0.021404 seconds .

========================================================================
Received Import Request.
  Time since last request: 1.681829 seconds.
  path: Assets/Scripts/Creature/PlayerCreature.cs
  artifactKey: Guid(965c2043fac19ae439738156ec531a4c) Importer(815301076,1909f56bfc062723c751e8b465ee728b)
Start importing Assets/Scripts/Creature/PlayerCreature.cs using Guid(965c2043fac19ae439738156ec531a4c) Importer(815301076,1909f56bfc062723c751e8b465ee728b)  -> (artifact id: 'daa4c27d786c70f136320aa689e96aa9') in 0.020805 seconds
  Import took 0.026970 seconds .

========================================================================
Received Prepare
Registering precompiled user dll's ...
Registered in 0.000882 seconds.
Begin MonoManager ReloadAssembly
Native extension for WindowsStandalone target not found
Refreshing native plugins compatible for Editor in 0.43 ms, found 0 plugins.
Preloading 0 native plugins for Editor in 0.00 ms.
Invoked RoslynAnalysisRunner static constructor.
RoslynAnalysisRunner will not be running.
RoslynAnalysisRunner has terminated.
Mono: successfully reloaded assembly
- Completed reload, in  1.576 seconds
Platform modules already initialized, skipping
Refreshing native plugins compatible for Editor in 0.37 ms, found 0 plugins.
Preloading 0 native plugins for Editor in 0.00 ms.
Unloading 1105 Unused Serialized files (Serialized files now loaded: 0)
System memory in use before: 60.4 MB.
System memory in use after: 60.4 MB.

Unloading 5 unused Assets to reduce memory usage. Loaded Objects now: 1633.
Total: 2.475300 ms (FindLiveObjects: 0.274100 ms CreateObjectMapping: 0.053800 ms MarkObjects: 2.080100 ms  DeleteObjects: 0.065600 ms)

========================================================================
Received Import Request.
  Time since last request: 10.051996 seconds.
  path: Assets/Scripts/Creature/LivingCreatureActionController.cs
  artifactKey: Guid(6214f8d708ab6a849b894c7f098aa99b) Importer(815301076,1909f56bfc062723c751e8b465ee728b)
Start importing Assets/Scripts/Creature/LivingCreatureActionController.cs using Guid(6214f8d708ab6a849b894c7f098aa99b) Importer(815301076,1909f56bfc062723c751e8b465ee728b)  -> (artifact id: '220b6aab74439399b63e6a5f44f01a41') in 0.017278 seconds
  Import took 0.020216 seconds .

========================================================================
Received Import Request.
  Time since last request: 25.881182 seconds.
  path: Assets/Scripts/ServiceManager.cs
  artifactKey: Guid(baeb6222850241e45a86775425fca018) Importer(815301076,1909f56bfc062723c751e8b465ee728b)
Start importing Assets/Scripts/ServiceManager.cs using Guid(baeb6222850241e45a86775425fca018) Importer(815301076,1909f56bfc062723c751e8b465ee728b)  -> (artifact id: '25c1a79061a57e2e591f6fdd1b08ee4c') in 0.042687 seconds
  Import took 0.047370 seconds .

========================================================================
Received Prepare
Registering precompiled user dll's ...
Registered in 0.001558 seconds.
Begin MonoManager ReloadAssembly
Native extension for WindowsStandalone target not found
Refreshing native plugins compatible for Editor in 0.46 ms, found 0 plugins.
Preloading 0 native plugins for Editor in 0.00 ms.
Invoked RoslynAnalysisRunner static constructor.
RoslynAnalysisRunner will not be running.
RoslynAnalysisRunner has terminated.
Mono: successfully reloaded assembly
- Completed reload, in  1.859 seconds
Platform modules already initialized, skipping
Refreshing native plugins compatible for Editor in 0.37 ms, found 0 plugins.
Preloading 0 native plugins for Editor in 0.00 ms.
Unloading 1105 Unused Serialized files (Serialized files now loaded: 0)
System memory in use before: 59.8 MB.
System memory in use after: 59.8 MB.

Unloading 5 unused Assets to reduce memory usage. Loaded Objects now: 1635.
Total: 4.137500 ms (FindLiveObjects: 0.416100 ms CreateObjectMapping: 0.154800 ms MarkObjects: 3.113900 ms  DeleteObjects: 0.449300 ms)

========================================================================
Received Import Request.
  Time since last request: 59.945591 seconds.
  path: Assets/Scripts/Interaction/ItemInteractable.cs
  artifactKey: Guid(7e4e23d812ebf5e42ab3c5bc201b4cf6) Importer(815301076,1909f56bfc062723c751e8b465ee728b)
Start importing Assets/Scripts/Interaction/ItemInteractable.cs using Guid(7e4e23d812ebf5e42ab3c5bc201b4cf6) Importer(815301076,1909f56bfc062723c751e8b465ee728b)  -> (artifact id: '6c1db40194fab22de6674519d6b3d197') in 0.021312 seconds
  Import took 0.025021 seconds .

========================================================================
Received Prepare
Registering precompiled user dll's ...
Registered in 0.004577 seconds.
Begin MonoManager ReloadAssembly
Native extension for WindowsStandalone target not found
Refreshing native plugins compatible for Editor in 0.87 ms, found 0 plugins.
Preloading 0 native plugins for Editor in 0.00 ms.
Invoked RoslynAnalysisRunner static constructor.
RoslynAnalysisRunner will not be running.
RoslynAnalysisRunner has terminated.
Mono: successfully reloaded assembly
- Completed reload, in  3.954 seconds
Platform modules already initialized, skipping
Refreshing native plugins compatible for Editor in 0.69 ms, found 0 plugins.
Preloading 0 native plugins for Editor in 0.00 ms.
Unloading 1105 Unused Serialized files (Serialized files now loaded: 0)
System memory in use before: 60.1 MB.
System memory in use after: 60.2 MB.

Unloading 5 unused Assets to reduce memory usage. Loaded Objects now: 1637.
Total: 18.332300 ms (FindLiveObjects: 1.950900 ms CreateObjectMapping: 0.411500 ms MarkObjects: 15.393600 ms  DeleteObjects: 0.569700 ms)

========================================================================
Received Prepare
Registering precompiled user dll's ...
Registered in 0.000870 seconds.
Begin MonoManager ReloadAssembly
Native extension for WindowsStandalone target not found
Refreshing native plugins compatible for Editor in 0.76 ms, found 0 plugins.
Preloading 0 native plugins for Editor in 0.00 ms.
Invoked RoslynAnalysisRunner static constructor.
RoslynAnalysisRunner will not be running.
RoslynAnalysisRunner has terminated.
Mono: successfully reloaded assembly
- Completed reload, in  4.744 seconds
Platform modules already initialized, skipping
Refreshing native plugins compatible for Editor in 0.33 ms, found 0 plugins.
Preloading 0 native plugins for Editor in 0.00 ms.
Unloading 1105 Unused Serialized files (Serialized files now loaded: 0)
System memory in use before: 60.4 MB.
System memory in use after: 60.4 MB.

Unloading 5 unused Assets to reduce memory usage. Loaded Objects now: 1639.
Total: 3.738400 ms (FindLiveObjects: 1.139400 ms CreateObjectMapping: 0.191300 ms MarkObjects: 2.332000 ms  DeleteObjects: 0.072900 ms)

AssetImportWorkerClient::OnTransportError - code=2 error=End of file
